;  LST file generated by mikroListExporter - v.2.0 
; Date/Time: 27/04/2019 23:55:33
;----------------------------------------------

;Address Opcode 	ASM
0x0000	0x2D2C      	GOTO       1324
_interrupt:
0x0004	0x00FF      	MOVWF      R15
0x0005	0x0E03      	SWAPF      STATUS, 0
0x0006	0x0183      	CLRF       STATUS
0x0007	0x00E1      	MOVWF      ___saveSTATUS
0x0008	0x080A      	MOVF       PCLATH, 0
0x0009	0x00E2      	MOVWF      ___savePCLATH
0x000A	0x018A      	CLRF       PCLATH
0x000B	0x0870      	MOVF       R0, 0
0x000C	0x00AB      	MOVWF      43
0x000D	0x0871      	MOVF       R1, 0
0x000E	0x00AA      	MOVWF      42
0x000F	0x0872      	MOVF       R2, 0
0x0010	0x00A9      	MOVWF      41
0x0011	0x0874      	MOVF       R4, 0
0x0012	0x00A8      	MOVWF      40
0x0013	0x0875      	MOVF       R5, 0
0x0014	0x00A7      	MOVWF      39
0x0015	0x0878      	MOVF       R8, 0
0x0016	0x00A6      	MOVWF      38
0x0017	0x0879      	MOVF       R9, 0
0x0018	0x00A5      	MOVWF      37
0x0019	0x087A      	MOVF       R10, 0
0x001A	0x00A4      	MOVWF      36
0x001B	0x087B      	MOVF       R11, 0
0x001C	0x00A3      	MOVWF      35
0x001D	0x087C      	MOVF       R12, 0
0x001E	0x00A2      	MOVWF      34
0x001F	0x087D      	MOVF       R13, 0
0x0020	0x00A1      	MOVWF      33
0x0021	0x0804      	MOVF       FSR, 0
0x0022	0x00AC      	MOVWF      44
0x0023	0x1D0B      	BTFSS      TMR0IF_bit, BitPos(TMR0IF_bit+0)
0x0024	0x28AD      	GOTO       L_interrupt0
0x0025	0x084B      	MOVF       _digital, 0
0x0026	0x044C      	IORWF      _digital+1, 0
0x0027	0x1903      	BTFSC      STATUS, 2
0x0028	0x2874      	GOTO       L_interrupt1
0x0029	0x0849      	MOVF       _estado, 0
0x002A	0x044A      	IORWF      _estado+1, 0
0x002B	0x1903      	BTFSC      STATUS, 2
0x002C	0x2862      	GOTO       L_interrupt2
0x002D	0x300A      	MOVLW      10
0x002E	0x00F4      	MOVWF      R4
0x002F	0x3000      	MOVLW      0
0x0030	0x00F5      	MOVWF      R4+1
0x0031	0x0847      	MOVF       _setpoint, 0
0x0032	0x00F0      	MOVWF      R0
0x0033	0x0848      	MOVF       _setpoint+1, 0
0x0034	0x00F1      	MOVWF      R0+1
0x0035	0x248B      	CALL       _Div_16x16_S
0x0036	0x0870      	MOVF       R0, 0
0x0037	0x1683      	BSF        STATUS, 5
0x0038	0x00AA      	MOVWF      FLOC__interrupt
0x0039	0x0871      	MOVF       R0+1, 0
0x003A	0x00AB      	MOVWF      FLOC__interrupt+1
0x003B	0x300A      	MOVLW      10
0x003C	0x00F4      	MOVWF      R4
0x003D	0x3000      	MOVLW      0
0x003E	0x00F5      	MOVWF      R4+1
0x003F	0x1283      	BCF        STATUS, 5
0x0040	0x0847      	MOVF       _setpoint, 0
0x0041	0x00F0      	MOVWF      R0
0x0042	0x0848      	MOVF       _setpoint+1, 0
0x0043	0x00F1      	MOVWF      R0+1
0x0044	0x248B      	CALL       _Div_16x16_S
0x0045	0x0878      	MOVF       R8, 0
0x0046	0x00F0      	MOVWF      R0
0x0047	0x0879      	MOVF       R8+1, 0
0x0048	0x00F1      	MOVWF      R0+1
0x0049	0x300A      	MOVLW      10
0x004A	0x00F4      	MOVWF      R4
0x004B	0x3000      	MOVLW      0
0x004C	0x00F5      	MOVWF      R4+1
0x004D	0x248B      	CALL       _Div_16x16_S
0x004E	0x0870      	MOVF       R0, 0
0x004F	0x1683      	BSF        STATUS, 5
0x0050	0x022A      	SUBWF      FLOC__interrupt, 0
0x0051	0x00AC      	MOVWF      FARG_Display_no
0x0052	0x0871      	MOVF       R0+1, 0
0x0053	0x1C03      	BTFSS      STATUS, 0
0x0054	0x3E01      	ADDLW      1
0x0055	0x022B      	SUBWF      FLOC__interrupt+1, 0
0x0056	0x00AD      	MOVWF      FARG_Display_no+1
0x0057	0x24F4      	CALL       _Display
0x0058	0x0870      	MOVF       R0, 0
0x0059	0x1283      	BCF        STATUS, 5
0x005A	0x0086      	MOVWF      PORTB
0x005B	0x1606      	BSF        RB4_bit, BitPos(RB4_bit+0)
0x005C	0x1286      	BCF        RB5_bit, BitPos(RB5_bit+0)
0x005D	0x01CB      	CLRF       _digital
0x005E	0x01CC      	CLRF       _digital+1
0x005F	0x01C9      	CLRF       _estado
0x0060	0x01CA      	CLRF       _estado+1
0x0061	0x2873      	GOTO       L_interrupt3
L_interrupt2:
0x0062	0x0858      	MOVF       _Msd, 0
0x0063	0x1683      	BSF        STATUS, 5
0x0064	0x00AC      	MOVWF      FARG_Display_no
0x0065	0x1283      	BCF        STATUS, 5
0x0066	0x0859      	MOVF       _Msd+1, 0
0x0067	0x1683      	BSF        STATUS, 5
0x0068	0x00AD      	MOVWF      FARG_Display_no+1
0x0069	0x24F4      	CALL       _Display
0x006A	0x0870      	MOVF       R0, 0
0x006B	0x1283      	BCF        STATUS, 5
0x006C	0x0086      	MOVWF      PORTB
0x006D	0x1606      	BSF        RB4_bit, BitPos(RB4_bit+0)
0x006E	0x1286      	BCF        RB5_bit, BitPos(RB5_bit+0)
0x006F	0x01CB      	CLRF       _digital
0x0070	0x01CC      	CLRF       _digital+1
0x0071	0x01C9      	CLRF       _estado
0x0072	0x01CA      	CLRF       _estado+1
L_interrupt3:
0x0073	0x28AA      	GOTO       L_interrupt4
L_interrupt1:
0x0074	0x0849      	MOVF       _estado, 0
0x0075	0x044A      	IORWF      _estado+1, 0
0x0076	0x1903      	BTFSC      STATUS, 2
0x0077	0x2897      	GOTO       L_interrupt5
0x0078	0x300A      	MOVLW      10
0x0079	0x00F4      	MOVWF      R4
0x007A	0x3000      	MOVLW      0
0x007B	0x00F5      	MOVWF      R4+1
0x007C	0x0847      	MOVF       _setpoint, 0
0x007D	0x00F0      	MOVWF      R0
0x007E	0x0848      	MOVF       _setpoint+1, 0
0x007F	0x00F1      	MOVWF      R0+1
0x0080	0x248B      	CALL       _Div_16x16_S
0x0081	0x0878      	MOVF       R8, 0
0x0082	0x00F0      	MOVWF      R0
0x0083	0x0879      	MOVF       R8+1, 0
0x0084	0x00F1      	MOVWF      R0+1
0x0085	0x0870      	MOVF       R0, 0
0x0086	0x1683      	BSF        STATUS, 5
0x0087	0x00AC      	MOVWF      FARG_Display_no
0x0088	0x0871      	MOVF       R0+1, 0
0x0089	0x00AD      	MOVWF      FARG_Display_no+1
0x008A	0x24F4      	CALL       _Display
0x008B	0x0870      	MOVF       R0, 0
0x008C	0x1283      	BCF        STATUS, 5
0x008D	0x0086      	MOVWF      PORTB
0x008E	0x1206      	BCF        RB4_bit, BitPos(RB4_bit+0)
0x008F	0x1686      	BSF        RB5_bit, BitPos(RB5_bit+0)
0x0090	0x3001      	MOVLW      1
0x0091	0x00CB      	MOVWF      _digital
0x0092	0x3000      	MOVLW      0
0x0093	0x00CC      	MOVWF      _digital+1
0x0094	0x01C9      	CLRF       _estado
0x0095	0x01CA      	CLRF       _estado+1
0x0096	0x28AA      	GOTO       L_interrupt6
L_interrupt5:
0x0097	0x084D      	MOVF       _Lsd, 0
0x0098	0x1683      	BSF        STATUS, 5
0x0099	0x00AC      	MOVWF      FARG_Display_no
0x009A	0x1283      	BCF        STATUS, 5
0x009B	0x084E      	MOVF       _Lsd+1, 0
0x009C	0x1683      	BSF        STATUS, 5
0x009D	0x00AD      	MOVWF      FARG_Display_no+1
0x009E	0x24F4      	CALL       _Display
0x009F	0x0870      	MOVF       R0, 0
0x00A0	0x1283      	BCF        STATUS, 5
0x00A1	0x0086      	MOVWF      PORTB
0x00A2	0x1206      	BCF        RB4_bit, BitPos(RB4_bit+0)
0x00A3	0x1686      	BSF        RB5_bit, BitPos(RB5_bit+0)
0x00A4	0x3001      	MOVLW      1
0x00A5	0x00CB      	MOVWF      _digital
0x00A6	0x3000      	MOVLW      0
0x00A7	0x00CC      	MOVWF      _digital+1
0x00A8	0x01C9      	CLRF       _estado
0x00A9	0x01CA      	CLRF       _estado+1
L_interrupt6:
L_interrupt4:
0x00AA	0x110B      	BCF        TMR0IF_bit, BitPos(TMR0IF_bit+0)
0x00AB	0x3064      	MOVLW      100
0x00AC	0x0081      	MOVWF      TMR0
L_interrupt0:
0x00AD	0x1C0C      	BTFSS      TMR1IF_bit, BitPos(TMR1IF_bit+0)
0x00AE	0x28CF      	GOTO       L_interrupt7
0x00AF	0x1C09      	BTFSS      RE0_bit, BitPos(RE0_bit+0)
0x00B0	0x28C6      	GOTO       L_interrupt8
0x00B1	0x3000      	MOVLW      0
0x00B2	0x064A      	XORWF      _estado+1, 0
0x00B3	0x1D03      	BTFSS      STATUS, 2
0x00B4	0x28B7      	GOTO       L__interrupt19
0x00B5	0x3001      	MOVLW      1
0x00B6	0x0649      	XORWF      _estado, 0
L__interrupt19:
0x00B7	0x1D03      	BTFSS      STATUS, 2
0x00B8	0x28BC      	GOTO       L_interrupt9
0x00B9	0x1683      	BSF        STATUS, 5
0x00BA	0x01A9      	CLRF       ?FLOC___interruptT6
0x00BB	0x28BF      	GOTO       L_interrupt10
L_interrupt9:
0x00BC	0x1683      	BSF        STATUS, 5
0x00BD	0x3001      	MOVLW      1
0x00BE	0x00A9      	MOVWF      ?FLOC___interruptT6
L_interrupt10:
0x00BF	0x0829      	MOVF       ?FLOC___interruptT6, 0
0x00C0	0x1283      	BCF        STATUS, 5
0x00C1	0x00C9      	MOVWF      _estado
0x00C2	0x3000      	MOVLW      0
0x00C3	0x1BC9      	BTFSC      _estado, 7
0x00C4	0x30FF      	MOVLW      255
0x00C5	0x00CA      	MOVWF      _estado+1
L_interrupt8:
0x00C6	0x1D09      	BTFSS      RE2_bit, BitPos(RE2_bit+0)
0x00C7	0x28C8      	GOTO       L_interrupt11
L_interrupt11:
0x00C8	0x1C89      	BTFSS      RE1_bit, BitPos(RE1_bit+0)
0x00C9	0x28CA      	GOTO       L_interrupt12
L_interrupt12:
0x00CA	0x100C      	BCF        TMR1IF_bit, BitPos(TMR1IF_bit+0)
0x00CB	0x300B      	MOVLW      11
0x00CC	0x008F      	MOVWF      TMR1H
0x00CD	0x30DC      	MOVLW      220
0x00CE	0x008E      	MOVWF      TMR1L
L_interrupt7:
L_end_interrupt:
L__interrupt18:
0x00CF	0x082B      	MOVF       43, 0
0x00D0	0x00F0      	MOVWF      R0
0x00D1	0x082A      	MOVF       42, 0
0x00D2	0x00F1      	MOVWF      R1
0x00D3	0x0829      	MOVF       41, 0
0x00D4	0x00F2      	MOVWF      R2
0x00D5	0x0828      	MOVF       40, 0
0x00D6	0x00F4      	MOVWF      R4
0x00D7	0x0827      	MOVF       39, 0
0x00D8	0x00F5      	MOVWF      R5
0x00D9	0x0826      	MOVF       38, 0
0x00DA	0x00F8      	MOVWF      R8
0x00DB	0x0825      	MOVF       37, 0
0x00DC	0x00F9      	MOVWF      R9
0x00DD	0x0824      	MOVF       36, 0
0x00DE	0x00FA      	MOVWF      R10
0x00DF	0x0823      	MOVF       35, 0
0x00E0	0x00FB      	MOVWF      R11
0x00E1	0x0822      	MOVF       34, 0
0x00E2	0x00FC      	MOVWF      R12
0x00E3	0x0821      	MOVF       33, 0
0x00E4	0x00FD      	MOVWF      R13
0x00E5	0x082C      	MOVF       44, 0
0x00E6	0x0084      	MOVWF      FSR
0x00E7	0x0862      	MOVF       ___savePCLATH, 0
0x00E8	0x008A      	MOVWF      PCLATH
0x00E9	0x0E61      	SWAPF      ___saveSTATUS, 0
0x00EA	0x0083      	MOVWF      STATUS
0x00EB	0x0EFF      	SWAPF      R15, 1
0x00EC	0x0E7F      	SWAPF      R15, 0
0x00ED	0x0009      	RETFIE
; end of _interrupt
_Div_16X16_U:
0x00EE	0x1283      	BCF        STATUS, 5
0x00EF	0x1303      	BCF        STATUS, 6
0x00F0	0x01F8      	CLRF       R8
0x00F1	0x01F9      	CLRF       R9
0x00F2	0x3010      	MOVLW      16
0x00F3	0x00FC      	MOVWF      R12
0x00F4	0x0D71      	RLF        R1, 0
0x00F5	0x0DF8      	RLF        R8, 1
0x00F6	0x0DF9      	RLF        R9, 1
0x00F7	0x0874      	MOVF       R4, 0
0x00F8	0x02F8      	SUBWF      R8, 1
0x00F9	0x0875      	MOVF       R5, 0
0x00FA	0x1C03      	BTFSS      STATUS, 0
0x00FB	0x0F75      	INCFSZ     R5, 0
0x00FC	0x02F9      	SUBWF      R9, 1
0x00FD	0x1803      	BTFSC      STATUS, 0
0x00FE	0x2906      	GOTO       $+8
0x00FF	0x0874      	MOVF       R4, 0
0x0100	0x07F8      	ADDWF      R8, 1
0x0101	0x0875      	MOVF       R5, 0
0x0102	0x1803      	BTFSC      STATUS, 0
0x0103	0x0F75      	INCFSZ     R5, 0
0x0104	0x07F9      	ADDWF      R9, 1
0x0105	0x1003      	BCF        STATUS, 0
0x0106	0x0DF0      	RLF        R0, 1
0x0107	0x0DF1      	RLF        R1, 1
0x0108	0x0BFC      	DECFSZ     R12, 1
0x0109	0x28F4      	GOTO       $-21
L_end_Div_16X16_U:
0x010A	0x0008      	RETURN
; end of _Div_16X16_U
_Div_16x16_S_L:
0x010B	0x0D71      	RLF        R1, 0
0x010C	0x0DF8      	RLF        R8, 1
0x010D	0x0DF9      	RLF        R9, 1
0x010E	0x0874      	MOVF       R4, 0
0x010F	0x02F8      	SUBWF      R8, 1
0x0110	0x0875      	MOVF       R5, 0
0x0111	0x1C03      	BTFSS      STATUS, 0
0x0112	0x0F75      	INCFSZ     R5, 0
0x0113	0x02F9      	SUBWF      R9, 1
0x0114	0x0DF0      	RLF        R0, 1
0x0115	0x0DF1      	RLF        R1, 1
0x0116	0x300F      	MOVLW      15
0x0117	0x00FC      	MOVWF      R12
0x0118	0x0D71      	RLF        R1, 0
0x0119	0x0DF8      	RLF        R8, 1
0x011A	0x0DF9      	RLF        R9, 1
0x011B	0x0874      	MOVF       R4, 0
0x011C	0x1C70      	BTFSS      R0, 0
0x011D	0x2924      	GOTO       $+7
0x011E	0x02F8      	SUBWF      R8, 1
0x011F	0x0875      	MOVF       R5, 0
0x0120	0x1C03      	BTFSS      STATUS, 0
0x0121	0x0F75      	INCFSZ     R5, 0
0x0122	0x02F9      	SUBWF      R9, 1
0x0123	0x2929      	GOTO       $+6
0x0124	0x07F8      	ADDWF      R8, 1
0x0125	0x0875      	MOVF       R5, 0
0x0126	0x1803      	BTFSC      STATUS, 0
0x0127	0x0F75      	INCFSZ     R5, 0
0x0128	0x07F9      	ADDWF      R9, 1
0x0129	0x0DF0      	RLF        R0, 1
0x012A	0x0DF1      	RLF        R1, 1
0x012B	0x0BFC      	DECFSZ     R12, 1
0x012C	0x2918      	GOTO       $-20
0x012D	0x1870      	BTFSC      R0, 0
0x012E	0x2935      	GOTO       $+7
0x012F	0x0874      	MOVF       R4, 0
0x0130	0x07F8      	ADDWF      R8, 1
0x0131	0x0875      	MOVF       R5, 0
0x0132	0x1803      	BTFSC      STATUS, 0
0x0133	0x0F75      	INCFSZ     R5, 0
0x0134	0x07F9      	ADDWF      R9, 1
0x0135	0x0000      	NOP
L_end_Div_16x16_S_L:
0x0136	0x0008      	RETURN
; end of _Div_16x16_S_L
_SDIV3232L:
0x0137	0x0874      	MOVF       R4, 0
0x0138	0x02F8      	SUBWF      R8, 1
0x0139	0x0875      	MOVF       R5, 0
0x013A	0x1C03      	BTFSS      STATUS, 0
0x013B	0x0F75      	INCFSZ     R5, 0
0x013C	0x02F9      	SUBWF      R9, 1
0x013D	0x0876      	MOVF       R6, 0
0x013E	0x1C03      	BTFSS      STATUS, 0
0x013F	0x0F76      	INCFSZ     R6, 0
0x0140	0x02FA      	SUBWF      R10, 1
0x0141	0x0877      	MOVF       R7, 0
0x0142	0x1C03      	BTFSS      STATUS, 0
0x0143	0x0F77      	INCFSZ     R7, 0
0x0144	0x02FB      	SUBWF      R11, 1
0x0145	0x0DF3      	RLF        R3, 1
0x0146	0x3007      	MOVLW      7
0x0147	0x00FC      	MOVWF      R12
LOOPS3232A:
0x0148	0x0D73      	RLF        R3, 0
0x0149	0x0DF8      	RLF        R8, 1
0x014A	0x0DF9      	RLF        R9, 1
0x014B	0x0DFA      	RLF        R10, 1
0x014C	0x0DFB      	RLF        R11, 1
0x014D	0x0874      	MOVF       R4, 0
0x014E	0x1C73      	BTFSS      R3, 0
0x014F	0x295E      	GOTO       SADD22LA
0x0150	0x02F8      	SUBWF      R8, 1
0x0151	0x0875      	MOVF       R5, 0
0x0152	0x1C03      	BTFSS      STATUS, 0
0x0153	0x0F75      	INCFSZ     R5, 0
0x0154	0x02F9      	SUBWF      R9, 1
0x0155	0x0876      	MOVF       R6, 0
0x0156	0x1C03      	BTFSS      STATUS, 0
0x0157	0x0F76      	INCFSZ     R6, 0
0x0158	0x02FA      	SUBWF      R10, 1
0x0159	0x0877      	MOVF       R7, 0
0x015A	0x1C03      	BTFSS      STATUS, 0
0x015B	0x0F77      	INCFSZ     R7, 0
0x015C	0x02FB      	SUBWF      R11, 1
0x015D	0x296B      	GOTO       SOK22LA
SADD22LA:
0x015E	0x07F8      	ADDWF      R8, 1
0x015F	0x0875      	MOVF       R5, 0
0x0160	0x1803      	BTFSC      STATUS, 0
0x0161	0x0F75      	INCFSZ     R5, 0
0x0162	0x07F9      	ADDWF      R9, 1
0x0163	0x0876      	MOVF       R6, 0
0x0164	0x1803      	BTFSC      STATUS, 0
0x0165	0x0F76      	INCFSZ     R6, 0
0x0166	0x07FA      	ADDWF      R10, 1
0x0167	0x0877      	MOVF       R7, 0
0x0168	0x1803      	BTFSC      STATUS, 0
0x0169	0x0F77      	INCFSZ     R7, 0
0x016A	0x07FB      	ADDWF      R11, 1
SOK22LA:
0x016B	0x0DF3      	RLF        R3, 1
0x016C	0x0BFC      	DECFSZ     R12, 1
0x016D	0x2948      	GOTO       LOOPS3232A
0x016E	0x0D72      	RLF        R2, 0
0x016F	0x0DF8      	RLF        R8, 1
0x0170	0x0DF9      	RLF        R9, 1
0x0171	0x0DFA      	RLF        R10, 1
0x0172	0x0DFB      	RLF        R11, 1
0x0173	0x0874      	MOVF       R4, 0
0x0174	0x1C73      	BTFSS      R3, 0
0x0175	0x2984      	GOTO       SADD22L8
0x0176	0x02F8      	SUBWF      R8, 1
0x0177	0x0875      	MOVF       R5, 0
0x0178	0x1C03      	BTFSS      STATUS, 0
0x0179	0x0F75      	INCFSZ     R5, 0
0x017A	0x02F9      	SUBWF      R9, 1
0x017B	0x0876      	MOVF       R6, 0
0x017C	0x1C03      	BTFSS      STATUS, 0
0x017D	0x0F76      	INCFSZ     R6, 0
0x017E	0x02FA      	SUBWF      R10, 1
0x017F	0x0877      	MOVF       R7, 0
0x0180	0x1C03      	BTFSS      STATUS, 0
0x0181	0x0F77      	INCFSZ     R7, 0
0x0182	0x02FB      	SUBWF      R11, 1
0x0183	0x2991      	GOTO       SOK22L8
SADD22L8:
0x0184	0x07F8      	ADDWF      R8, 1
0x0185	0x0875      	MOVF       R5, 0
0x0186	0x1803      	BTFSC      STATUS, 0
0x0187	0x0F75      	INCFSZ     R5, 0
0x0188	0x07F9      	ADDWF      R9, 1
0x0189	0x0876      	MOVF       R6, 0
0x018A	0x1803      	BTFSC      STATUS, 0
0x018B	0x0F76      	INCFSZ     R6, 0
0x018C	0x07FA      	ADDWF      R10, 1
0x018D	0x0877      	MOVF       R7, 0
0x018E	0x1803      	BTFSC      STATUS, 0
0x018F	0x0F77      	INCFSZ     R7, 0
0x0190	0x07FB      	ADDWF      R11, 1
SOK22L8:
0x0191	0x0DF2      	RLF        R2, 1
0x0192	0x3007      	MOVLW      7
0x0193	0x00FC      	MOVWF      R12
LOOPS3232B:
0x0194	0x0D72      	RLF        R2, 0
0x0195	0x0DF8      	RLF        R8, 1
0x0196	0x0DF9      	RLF        R9, 1
0x0197	0x0DFA      	RLF        R10, 1
0x0198	0x0DFB      	RLF        R11, 1
0x0199	0x0874      	MOVF       R4, 0
0x019A	0x1C72      	BTFSS      R2, 0
0x019B	0x29AA      	GOTO       SADD22LB
0x019C	0x02F8      	SUBWF      R8, 1
0x019D	0x0875      	MOVF       R5, 0
0x019E	0x1C03      	BTFSS      STATUS, 0
0x019F	0x0F75      	INCFSZ     R5, 0
0x01A0	0x02F9      	SUBWF      R9, 1
0x01A1	0x0876      	MOVF       R6, 0
0x01A2	0x1C03      	BTFSS      STATUS, 0
0x01A3	0x0F76      	INCFSZ     R6, 0
0x01A4	0x02FA      	SUBWF      R10, 1
0x01A5	0x0877      	MOVF       R7, 0
0x01A6	0x1C03      	BTFSS      STATUS, 0
0x01A7	0x0F77      	INCFSZ     R7, 0
0x01A8	0x02FB      	SUBWF      R11, 1
0x01A9	0x29B7      	GOTO       SOK22LB
SADD22LB:
0x01AA	0x07F8      	ADDWF      R8, 1
0x01AB	0x0875      	MOVF       R5, 0
0x01AC	0x1803      	BTFSC      STATUS, 0
0x01AD	0x0F75      	INCFSZ     R5, 0
0x01AE	0x07F9      	ADDWF      R9, 1
0x01AF	0x0876      	MOVF       R6, 0
0x01B0	0x1803      	BTFSC      STATUS, 0
0x01B1	0x0F76      	INCFSZ     R6, 0
0x01B2	0x07FA      	ADDWF      R10, 1
0x01B3	0x0877      	MOVF       R7, 0
0x01B4	0x1803      	BTFSC      STATUS, 0
0x01B5	0x0F77      	INCFSZ     R7, 0
0x01B6	0x07FB      	ADDWF      R11, 1
SOK22LB:
0x01B7	0x0DF2      	RLF        R2, 1
0x01B8	0x0BFC      	DECFSZ     R12, 1
0x01B9	0x2994      	GOTO       LOOPS3232B
0x01BA	0x0D71      	RLF        R1, 0
0x01BB	0x0DF8      	RLF        R8, 1
0x01BC	0x0DF9      	RLF        R9, 1
0x01BD	0x0DFA      	RLF        R10, 1
0x01BE	0x0DFB      	RLF        R11, 1
0x01BF	0x0874      	MOVF       R4, 0
0x01C0	0x1C72      	BTFSS      R2, 0
0x01C1	0x29D0      	GOTO       SADD22L16
0x01C2	0x02F8      	SUBWF      R8, 1
0x01C3	0x0875      	MOVF       R5, 0
0x01C4	0x1C03      	BTFSS      STATUS, 0
0x01C5	0x0F75      	INCFSZ     R5, 0
0x01C6	0x02F9      	SUBWF      R9, 1
0x01C7	0x0876      	MOVF       R6, 0
0x01C8	0x1C03      	BTFSS      STATUS, 0
0x01C9	0x0F76      	INCFSZ     R6, 0
0x01CA	0x02FA      	SUBWF      R10, 1
0x01CB	0x0877      	MOVF       R7, 0
0x01CC	0x1C03      	BTFSS      STATUS, 0
0x01CD	0x0F77      	INCFSZ     R7, 0
0x01CE	0x02FB      	SUBWF      R11, 1
0x01CF	0x29DD      	GOTO       SOK22L16
SADD22L16:
0x01D0	0x07F8      	ADDWF      R8, 1
0x01D1	0x0875      	MOVF       R5, 0
0x01D2	0x1803      	BTFSC      STATUS, 0
0x01D3	0x0F75      	INCFSZ     R5, 0
0x01D4	0x07F9      	ADDWF      R9, 1
0x01D5	0x0876      	MOVF       R6, 0
0x01D6	0x1803      	BTFSC      STATUS, 0
0x01D7	0x0F76      	INCFSZ     R6, 0
0x01D8	0x07FA      	ADDWF      R10, 1
0x01D9	0x0877      	MOVF       R7, 0
0x01DA	0x1803      	BTFSC      STATUS, 0
0x01DB	0x0F77      	INCFSZ     R7, 0
0x01DC	0x07FB      	ADDWF      R11, 1
SOK22L16:
0x01DD	0x0DF1      	RLF        R1, 1
0x01DE	0x3007      	MOVLW      7
0x01DF	0x00FC      	MOVWF      R12
LOOPS3232C:
0x01E0	0x0D71      	RLF        R1, 0
0x01E1	0x0DF8      	RLF        R8, 1
0x01E2	0x0DF9      	RLF        R9, 1
0x01E3	0x0DFA      	RLF        R10, 1
0x01E4	0x0DFB      	RLF        R11, 1
0x01E5	0x0874      	MOVF       R4, 0
0x01E6	0x1C71      	BTFSS      R1, 0
0x01E7	0x29F6      	GOTO       SADD22LC
0x01E8	0x02F8      	SUBWF      R8, 1
0x01E9	0x0875      	MOVF       R5, 0
0x01EA	0x1C03      	BTFSS      STATUS, 0
0x01EB	0x0F75      	INCFSZ     R5, 0
0x01EC	0x02F9      	SUBWF      R9, 1
0x01ED	0x0876      	MOVF       R6, 0
0x01EE	0x1C03      	BTFSS      STATUS, 0
0x01EF	0x0F76      	INCFSZ     R6, 0
0x01F0	0x02FA      	SUBWF      R10, 1
0x01F1	0x0877      	MOVF       R7, 0
0x01F2	0x1C03      	BTFSS      STATUS, 0
0x01F3	0x0F77      	INCFSZ     R7, 0
0x01F4	0x02FB      	SUBWF      R11, 1
0x01F5	0x2A03      	GOTO       SOK22LC
SADD22LC:
0x01F6	0x07F8      	ADDWF      R8, 1
0x01F7	0x0875      	MOVF       R5, 0
0x01F8	0x1803      	BTFSC      STATUS, 0
0x01F9	0x0F75      	INCFSZ     R5, 0
0x01FA	0x07F9      	ADDWF      R9, 1
0x01FB	0x0876      	MOVF       R6, 0
0x01FC	0x1803      	BTFSC      STATUS, 0
0x01FD	0x0F76      	INCFSZ     R6, 0
0x01FE	0x07FA      	ADDWF      R10, 1
0x01FF	0x0877      	MOVF       R7, 0
0x0200	0x1803      	BTFSC      STATUS, 0
0x0201	0x0F77      	INCFSZ     R7, 0
0x0202	0x07FB      	ADDWF      R11, 1
SOK22LC:
0x0203	0x0DF1      	RLF        R1, 1
0x0204	0x0BFC      	DECFSZ     R12, 1
0x0205	0x29E0      	GOTO       LOOPS3232C
0x0206	0x0D70      	RLF        R0, 0
0x0207	0x0DF8      	RLF        R8, 1
0x0208	0x0DF9      	RLF        R9, 1
0x0209	0x0DFA      	RLF        R10, 1
0x020A	0x0DFB      	RLF        R11, 1
0x020B	0x0874      	MOVF       R4, 0
0x020C	0x1C71      	BTFSS      R1, 0
0x020D	0x2A1C      	GOTO       SADD22L24
0x020E	0x02F8      	SUBWF      R8, 1
0x020F	0x0875      	MOVF       R5, 0
0x0210	0x1C03      	BTFSS      STATUS, 0
0x0211	0x0F75      	INCFSZ     R5, 0
0x0212	0x02F9      	SUBWF      R9, 1
0x0213	0x0876      	MOVF       R6, 0
0x0214	0x1C03      	BTFSS      STATUS, 0
0x0215	0x0F76      	INCFSZ     R6, 0
0x0216	0x02FA      	SUBWF      R10, 1
0x0217	0x0877      	MOVF       R7, 0
0x0218	0x1C03      	BTFSS      STATUS, 0
0x0219	0x0F77      	INCFSZ     R7, 0
0x021A	0x02FB      	SUBWF      R11, 1
0x021B	0x2A29      	GOTO       SOK22L24
SADD22L24:
0x021C	0x07F8      	ADDWF      R8, 1
0x021D	0x0875      	MOVF       R5, 0
0x021E	0x1803      	BTFSC      STATUS, 0
0x021F	0x0F75      	INCFSZ     R5, 0
0x0220	0x07F9      	ADDWF      R9, 1
0x0221	0x0876      	MOVF       R6, 0
0x0222	0x1803      	BTFSC      STATUS, 0
0x0223	0x0F76      	INCFSZ     R6, 0
0x0224	0x07FA      	ADDWF      R10, 1
0x0225	0x0877      	MOVF       R7, 0
0x0226	0x1803      	BTFSC      STATUS, 0
0x0227	0x0F77      	INCFSZ     R7, 0
0x0228	0x07FB      	ADDWF      R11, 1
SOK22L24:
0x0229	0x0DF0      	RLF        R0, 1
0x022A	0x3007      	MOVLW      7
0x022B	0x00FC      	MOVWF      R12
LOOPS3232D:
0x022C	0x0D70      	RLF        R0, 0
0x022D	0x0DF8      	RLF        R8, 1
0x022E	0x0DF9      	RLF        R9, 1
0x022F	0x0DFA      	RLF        R10, 1
0x0230	0x0DFB      	RLF        R11, 1
0x0231	0x0874      	MOVF       R4, 0
0x0232	0x1C70      	BTFSS      R0, 0
0x0233	0x2A42      	GOTO       SADD22LD
0x0234	0x02F8      	SUBWF      R8, 1
0x0235	0x0875      	MOVF       R5, 0
0x0236	0x1C03      	BTFSS      STATUS, 0
0x0237	0x0F75      	INCFSZ     R5, 0
0x0238	0x02F9      	SUBWF      R9, 1
0x0239	0x0876      	MOVF       R6, 0
0x023A	0x1C03      	BTFSS      STATUS, 0
0x023B	0x0F76      	INCFSZ     R6, 0
0x023C	0x02FA      	SUBWF      R10, 1
0x023D	0x0877      	MOVF       R7, 0
0x023E	0x1C03      	BTFSS      STATUS, 0
0x023F	0x0F77      	INCFSZ     R7, 0
0x0240	0x02FB      	SUBWF      R11, 1
0x0241	0x2A4F      	GOTO       SOK22LD
SADD22LD:
0x0242	0x07F8      	ADDWF      R8, 1
0x0243	0x0875      	MOVF       R5, 0
0x0244	0x1803      	BTFSC      STATUS, 0
0x0245	0x0F75      	INCFSZ     R5, 0
0x0246	0x07F9      	ADDWF      R9, 1
0x0247	0x0876      	MOVF       R6, 0
0x0248	0x1803      	BTFSC      STATUS, 0
0x0249	0x0F76      	INCFSZ     R6, 0
0x024A	0x07FA      	ADDWF      R10, 1
0x024B	0x0877      	MOVF       R7, 0
0x024C	0x1803      	BTFSC      STATUS, 0
0x024D	0x0F77      	INCFSZ     R7, 0
0x024E	0x07FB      	ADDWF      R11, 1
SOK22LD:
0x024F	0x0DF0      	RLF        R0, 1
0x0250	0x0BFC      	DECFSZ     R12, 1
0x0251	0x2A2C      	GOTO       LOOPS3232D
0x0252	0x1870      	BTFSC      R0, 0
0x0253	0x2A62      	GOTO       SOK22L
0x0254	0x0874      	MOVF       R4, 0
0x0255	0x07F8      	ADDWF      R8, 1
0x0256	0x0875      	MOVF       R5, 0
0x0257	0x1803      	BTFSC      STATUS, 0
0x0258	0x0F75      	INCFSZ     R5, 0
0x0259	0x07F9      	ADDWF      R9, 1
0x025A	0x0876      	MOVF       R6, 0
0x025B	0x1803      	BTFSC      STATUS, 0
0x025C	0x0F76      	INCFSZ     R6, 0
0x025D	0x07FA      	ADDWF      R10, 1
0x025E	0x0877      	MOVF       R7, 0
0x025F	0x1803      	BTFSC      STATUS, 0
0x0260	0x0F77      	INCFSZ     R7, 0
0x0261	0x07FB      	ADDWF      R11, 1
SOK22L:
L_end_SDIV3232L:
0x0262	0x0008      	RETURN
; end of _SDIV3232L
_COMFREM:
0x0263	0x09FB      	COMF       R11, 1
0x0264	0x09FA      	COMF       R10, 1
0x0265	0x09F9      	COMF       R9, 1
0x0266	0x09F8      	COMF       R8, 1
0x0267	0x0AF8      	INCF       R8, 1
0x0268	0x1903      	BTFSC      STATUS, 2
0x0269	0x0AF9      	INCF       R9, 1
0x026A	0x1903      	BTFSC      STATUS, 2
0x026B	0x0AFA      	INCF       R10, 1
0x026C	0x1903      	BTFSC      STATUS, 2
0x026D	0x0AFB      	INCF       R11, 1
L_end_COMFREM:
0x026E	0x0008      	RETURN
; end of _COMFREM
_WordToStr:
0x026F	0x1683      	BSF        STATUS, 5
0x0270	0x1303      	BCF        STATUS, 6
0x0271	0x01A7      	CLRF       WordToStr_len_L0
L_WordToStr11:
0x0272	0x3005      	MOVLW      5
0x0273	0x0227      	SUBWF      WordToStr_len_L0, 0
0x0274	0x1803      	BTFSC      STATUS, 0
0x0275	0x2A7D      	GOTO       L_WordToStr12
0x0276	0x0827      	MOVF       WordToStr_len_L0, 0
0x0277	0x0726      	ADDWF      FARG_WordToStr_output, 0
0x0278	0x0084      	MOVWF      FSR
0x0279	0x3020      	MOVLW      32
0x027A	0x0080      	MOVWF      INDF
0x027B	0x0AA7      	INCF       WordToStr_len_L0, 1
0x027C	0x2A72      	GOTO       L_WordToStr11
L_WordToStr12:
0x027D	0x0827      	MOVF       WordToStr_len_L0, 0
0x027E	0x0726      	ADDWF      FARG_WordToStr_output, 0
0x027F	0x0084      	MOVWF      FSR
0x0280	0x0180      	CLRF       INDF
0x0281	0x03A7      	DECF       WordToStr_len_L0, 1
L_WordToStr14:
0x0282	0x0827      	MOVF       WordToStr_len_L0, 0
0x0283	0x0726      	ADDWF      FARG_WordToStr_output, 0
0x0284	0x00A8      	MOVWF      FLOC__WordToStr
0x0285	0x300A      	MOVLW      10
0x0286	0x00F4      	MOVWF      R4
0x0287	0x01F5      	CLRF       R4+1
0x0288	0x0824      	MOVF       FARG_WordToStr_input, 0
0x0289	0x00F0      	MOVWF      R0
0x028A	0x0825      	MOVF       FARG_WordToStr_input+1, 0
0x028B	0x00F1      	MOVWF      R0+1
0x028C	0x20EE      	CALL       _Div_16X16_U
0x028D	0x0878      	MOVF       R8, 0
0x028E	0x00F0      	MOVWF      R0
0x028F	0x0879      	MOVF       R8+1, 0
0x0290	0x00F1      	MOVWF      R0+1
0x0291	0x3030      	MOVLW      48
0x0292	0x07F0      	ADDWF      R0, 1
0x0293	0x1683      	BSF        STATUS, 5
0x0294	0x0828      	MOVF       FLOC__WordToStr, 0
0x0295	0x0084      	MOVWF      FSR
0x0296	0x0870      	MOVF       R0, 0
0x0297	0x0080      	MOVWF      INDF
0x0298	0x300A      	MOVLW      10
0x0299	0x00F4      	MOVWF      R4
0x029A	0x01F5      	CLRF       R4+1
0x029B	0x0824      	MOVF       FARG_WordToStr_input, 0
0x029C	0x00F0      	MOVWF      R0
0x029D	0x0825      	MOVF       FARG_WordToStr_input+1, 0
0x029E	0x00F1      	MOVWF      R0+1
0x029F	0x20EE      	CALL       _Div_16X16_U
0x02A0	0x0870      	MOVF       R0, 0
0x02A1	0x1683      	BSF        STATUS, 5
0x02A2	0x00A4      	MOVWF      FARG_WordToStr_input
0x02A3	0x0871      	MOVF       R0+1, 0
0x02A4	0x00A5      	MOVWF      FARG_WordToStr_input+1
0x02A5	0x3000      	MOVLW      0
0x02A6	0x0671      	XORWF      R0+1, 0
0x02A7	0x1D03      	BTFSS      STATUS, 2
0x02A8	0x2AAB      	GOTO       L__WordToStr159
0x02A9	0x3000      	MOVLW      0
0x02AA	0x0670      	XORWF      R0, 0
L__WordToStr159:
0x02AB	0x1D03      	BTFSS      STATUS, 2
0x02AC	0x2AAE      	GOTO       L_WordToStr16
0x02AD	0x2AB0      	GOTO       L_WordToStr15
L_WordToStr16:
0x02AE	0x03A7      	DECF       WordToStr_len_L0, 1
0x02AF	0x2A82      	GOTO       L_WordToStr14
L_WordToStr15:
L_end_WordToStr:
0x02B0	0x0008      	RETURN
; end of _WordToStr
_Delay_22us:
0x02B1	0x3024      	MOVLW      36
0x02B2	0x1283      	BCF        STATUS, 5
0x02B3	0x1303      	BCF        STATUS, 6
0x02B4	0x00FD      	MOVWF      R13
L_Delay_22us1:
0x02B5	0x0BFD      	DECFSZ     R13, 1
0x02B6	0x2AB5      	GOTO       L_Delay_22us1
0x02B7	0x0000      	NOP
L_end_Delay_22us:
0x02B8	0x0008      	RETURN
; end of _Delay_22us
_UART1_Write:
L_UART1_Write3:
0x02B9	0x1683      	BSF        STATUS, 5
0x02BA	0x1303      	BCF        STATUS, 6
0x02BB	0x1898      	BTFSC      TXSTA, 1
0x02BC	0x2ABF      	GOTO       L_UART1_Write4
0x02BD	0x0000      	NOP
0x02BE	0x2AB9      	GOTO       L_UART1_Write3
L_UART1_Write4:
0x02BF	0x0824      	MOVF       FARG_UART1_Write_data_, 0
0x02C0	0x1283      	BCF        STATUS, 5
0x02C1	0x0099      	MOVWF      TXREG
L_end_UART1_Write:
0x02C2	0x0008      	RETURN
; end of _UART1_Write
_____DoICP:
0x02C3	0x1283      	BCF        STATUS, 5
0x02C4	0x1303      	BCF        STATUS, 6
0x02C5	0x0850      	MOVF       ___DoICPAddr+1, 0
0x02C6	0x008A      	MOVWF      PCLATH
0x02C7	0x084F      	MOVF       ___DoICPAddr, 0
0x02C8	0x0082      	MOVWF      PCL
L_end_____DoICP:
0x02C9	0x0008      	RETURN
; end of _____DoICP
_Div_32x32_S:
0x02CA	0x1283      	BCF        STATUS, 5
0x02CB	0x1303      	BCF        STATUS, 6
0x02CC	0x0874      	MOVF       R4, 0
0x02CD	0x3A00      	XORLW      0
0x02CE	0x1D03      	BTFSS      STATUS, 2
0x02CF	0x2AE5      	GOTO       L_Div_32x32_S6
0x02D0	0x0875      	MOVF       R5, 0
0x02D1	0x3A00      	XORLW      0
0x02D2	0x1D03      	BTFSS      STATUS, 2
0x02D3	0x2AE5      	GOTO       L_Div_32x32_S7
0x02D4	0x0876      	MOVF       R6, 0
0x02D5	0x3A00      	XORLW      0
0x02D6	0x1D03      	BTFSS      STATUS, 2
0x02D7	0x2AE5      	GOTO       L_Div_32x32_S8
0x02D8	0x0877      	MOVF       R7, 0
0x02D9	0x3A00      	XORLW      0
0x02DA	0x1D03      	BTFSS      STATUS, 2
0x02DB	0x2AE5      	GOTO       L_Div_32x32_S9
0x02DC	0x30FF      	MOVLW      255
0x02DD	0x00F0      	MOVWF      R0
0x02DE	0x30FF      	MOVLW      255
0x02DF	0x00F1      	MOVWF      R1
0x02E0	0x30FF      	MOVLW      255
0x02E1	0x00F2      	MOVWF      R2
0x02E2	0x307F      	MOVLW      127
0x02E3	0x00F3      	MOVWF      R3
0x02E4	0x2B7E      	GOTO       L_end_Div_32x32_S
L_Div_32x32_S9:
L_Div_32x32_S8:
L_Div_32x32_S7:
L_Div_32x32_S6:
0x02E5	0x1283      	BCF        STATUS, 5
0x02E6	0x1303      	BCF        STATUS, 6
0x02E7	0x01FC      	CLRF       R12
0x02E8	0x1BF7      	BTFSC      R7, 7
0x02E9	0x0AFC      	INCF       R12, 1
0x02EA	0x01FD      	CLRF       R13
0x02EB	0x01FB      	CLRF       R11
0x02EC	0x01FA      	CLRF       R10
0x02ED	0x01F9      	CLRF       R9
0x02EE	0x01F8      	CLRF       R8
0x02EF	0x0873      	MOVF       R3, 0
0x02F0	0x0472      	IORWF      R2, 0
0x02F1	0x0471      	IORWF      R1, 0
0x02F2	0x0470      	IORWF      R0, 0
0x02F3	0x1903      	BTFSC      STATUS, 2
0x02F4	0x2B79      	GOTO       END_ALL
0x02F5	0x0873      	MOVF       R3, 0
0x02F6	0x0677      	XORWF      R7, 0
0x02F7	0x00A0      	MOVWF      ___math_tempb
0x02F8	0x1BA0      	BTFSC      ___math_tempb, 7
0x02F9	0x09FD      	COMF       R13, 1
0x02FA	0x1FF7      	BTFSS      R7, 7
0x02FB	0x2B07      	GOTO       CA3232S
0x02FC	0x09F4      	COMF       R4, 1
0x02FD	0x09F5      	COMF       R5, 1
0x02FE	0x09F6      	COMF       R6, 1
0x02FF	0x09F7      	COMF       R7, 1
0x0300	0x0AF4      	INCF       R4, 1
0x0301	0x1903      	BTFSC      STATUS, 2
0x0302	0x0AF5      	INCF       R5, 1
0x0303	0x1903      	BTFSC      STATUS, 2
0x0304	0x0AF6      	INCF       R6, 1
0x0305	0x1903      	BTFSC      STATUS, 2
0x0306	0x0AF7      	INCF       R7, 1
CA3232S:
0x0307	0x1FF3      	BTFSS      R3, 7
0x0308	0x2B14      	GOTO       C3232SX
0x0309	0x09F0      	COMF       R0, 1
0x030A	0x09F1      	COMF       R1, 1
0x030B	0x09F2      	COMF       R2, 1
0x030C	0x09F3      	COMF       R3, 1
0x030D	0x0AF0      	INCF       R0, 1
0x030E	0x1903      	BTFSC      STATUS, 2
0x030F	0x0AF1      	INCF       R1, 1
0x0310	0x1903      	BTFSC      STATUS, 2
0x0311	0x0AF2      	INCF       R2, 1
0x0312	0x1903      	BTFSC      STATUS, 2
0x0313	0x0AF3      	INCF       R3, 1
C3232SX:
0x0314	0x0873      	MOVF       R3, 0
0x0315	0x0477      	IORWF      R7, 0
0x0316	0x00A0      	MOVWF      ___math_tempb
0x0317	0x1BA0      	BTFSC      ___math_tempb, 7
0x0318	0x2B35      	GOTO       C3232SX1
C3232S:
0x0319	0x2137      	CALL       _SDIV3232L
0x031A	0x1BFC      	BTFSC      R12, 7
0x031B	0x2B52      	GOTO       C3232SX4
C3232SOK:
0x031C	0x1FFD      	BTFSS      R13, 7
0x031D	0x2B79      	GOTO       END_ALL
0x031E	0x09F0      	COMF       R0, 1
0x031F	0x09F1      	COMF       R1, 1
0x0320	0x09F2      	COMF       R2, 1
0x0321	0x09F3      	COMF       R3, 1
0x0322	0x0AF0      	INCF       R0, 1
0x0323	0x1903      	BTFSC      STATUS, 2
0x0324	0x0AF1      	INCF       R1, 1
0x0325	0x1903      	BTFSC      STATUS, 2
0x0326	0x0AF2      	INCF       R2, 1
0x0327	0x1903      	BTFSC      STATUS, 2
0x0328	0x0AF3      	INCF       R3, 1
0x0329	0x09F8      	COMF       R8, 1
0x032A	0x09F9      	COMF       R9, 1
0x032B	0x09FA      	COMF       R10, 1
0x032C	0x09FB      	COMF       R11, 1
0x032D	0x0AF8      	INCF       R8, 1
0x032E	0x1903      	BTFSC      STATUS, 2
0x032F	0x0AF9      	INCF       R9, 1
0x0330	0x1903      	BTFSC      STATUS, 2
0x0331	0x0AFA      	INCF       R10, 1
0x0332	0x1903      	BTFSC      STATUS, 2
0x0333	0x0AFB      	INCF       R11, 1
0x0334	0x2B79      	GOTO       END_ALL
C3232SX1:
0x0335	0x1FF7      	BTFSS      R7, 7
0x0336	0x2B4C      	GOTO       C3232SX3
0x0337	0x1BF3      	BTFSC      R3, 7
0x0338	0x2B46      	GOTO       C3232SX2
0x0339	0x0873      	MOVF       R3, 0
0x033A	0x00FB      	MOVWF      R11
0x033B	0x0872      	MOVF       R2, 0
0x033C	0x00FA      	MOVWF      R10
0x033D	0x0871      	MOVF       R1, 0
0x033E	0x00F9      	MOVWF      R9
0x033F	0x0870      	MOVF       R0, 0
0x0340	0x00F8      	MOVWF      R8
0x0341	0x01F3      	CLRF       R3
0x0342	0x01F2      	CLRF       R2
0x0343	0x01F1      	CLRF       R1
0x0344	0x01F0      	CLRF       R0
0x0345	0x2B1C      	GOTO       C3232SOK
C3232SX2:
0x0346	0x01F3      	CLRF       R3
0x0347	0x01F2      	CLRF       R2
0x0348	0x01F1      	CLRF       R1
0x0349	0x01F0      	CLRF       R0
0x034A	0x0AF0      	INCF       R0, 1
0x034B	0x3400      	RETLW      0
C3232SX3:
0x034C	0x09F3      	COMF       R3, 1
0x034D	0x09F2      	COMF       R2, 1
0x034E	0x09F1      	COMF       R1, 1
0x034F	0x09F0      	COMF       R0, 1
0x0350	0x17FC      	BSF        R12, 7
0x0351	0x2B19      	GOTO       C3232S
C3232SX4:
0x0352	0x0AF8      	INCF       R8, 1
0x0353	0x1903      	BTFSC      STATUS, 2
0x0354	0x0AF9      	INCF       R9, 1
0x0355	0x1903      	BTFSC      STATUS, 2
0x0356	0x0AFA      	INCF       R10, 1
0x0357	0x1903      	BTFSC      STATUS, 2
0x0358	0x0AFB      	INCF       R11, 1
0x0359	0x0874      	MOVF       R4, 0
0x035A	0x0278      	SUBWF      R8, 0
0x035B	0x1D03      	BTFSS      STATUS, 2
0x035C	0x2B1C      	GOTO       C3232SOK
0x035D	0x0875      	MOVF       R5, 0
0x035E	0x0279      	SUBWF      R9, 0
0x035F	0x1D03      	BTFSS      STATUS, 2
0x0360	0x2B1C      	GOTO       C3232SOK
0x0361	0x0876      	MOVF       R6, 0
0x0362	0x027A      	SUBWF      R10, 0
0x0363	0x1D03      	BTFSS      STATUS, 2
0x0364	0x2B1C      	GOTO       C3232SOK
0x0365	0x0877      	MOVF       R7, 0
0x0366	0x027B      	SUBWF      R11, 0
0x0367	0x1D03      	BTFSS      STATUS, 2
0x0368	0x2B1C      	GOTO       C3232SOK
0x0369	0x01FB      	CLRF       R11
0x036A	0x01FA      	CLRF       R10
0x036B	0x01F9      	CLRF       R9
0x036C	0x01F8      	CLRF       R8
0x036D	0x0AF0      	INCF       R0, 1
0x036E	0x1903      	BTFSC      STATUS, 2
0x036F	0x0AF1      	INCF       R1, 1
0x0370	0x1903      	BTFSC      STATUS, 2
0x0371	0x0AF2      	INCF       R2, 1
0x0372	0x1903      	BTFSC      STATUS, 2
0x0373	0x0AF3      	INCF       R3, 1
0x0374	0x1FF3      	BTFSS      R3, 7
0x0375	0x2B1C      	GOTO       C3232SOK
0x0376	0x01A0      	CLRF       ___math_tempb
0x0377	0x1620      	BSF        ___math_tempb, 4
0x0378	0x34FF      	RETLW      255
END_ALL:
0x0379	0x01A0      	CLRF       ___math_tempb
0x037A	0x1C7C      	BTFSS      R12, 0
0x037B	0x2B7D      	GOTO       avoid_comfrem
0x037C	0x2263      	CALL       _COMFREM
avoid_comfrem:
0x037D	0x3E00      	ADDLW      0
L_end_Div_32x32_S:
0x037E	0x0008      	RETURN
; end of _Div_32x32_S
_IntToStr:
0x037F	0x1683      	BSF        STATUS, 5
0x0380	0x1303      	BCF        STATUS, 6
0x0381	0x01A0      	CLRF       IntToStr_negative_L0
0x0382	0x01A1      	CLRF       IntToStr_negative_L0+1
0x0383	0x1283      	BCF        STATUS, 5
0x0384	0x086B      	MOVF       FARG_IntToStr_input, 0
0x0385	0x1683      	BSF        STATUS, 5
0x0386	0x00A2      	MOVWF      IntToStr_inword_L0
0x0387	0x1283      	BCF        STATUS, 5
0x0388	0x086C      	MOVF       FARG_IntToStr_input+1, 0
0x0389	0x1683      	BSF        STATUS, 5
0x038A	0x00A3      	MOVWF      IntToStr_inword_L0+1
0x038B	0x3080      	MOVLW      128
0x038C	0x1283      	BCF        STATUS, 5
0x038D	0x066C      	XORWF      FARG_IntToStr_input+1, 0
0x038E	0x00F0      	MOVWF      R0
0x038F	0x3080      	MOVLW      128
0x0390	0x0270      	SUBWF      R0, 0
0x0391	0x1D03      	BTFSS      STATUS, 2
0x0392	0x2B95      	GOTO       L__IntToStr167
0x0393	0x3000      	MOVLW      0
0x0394	0x026B      	SUBWF      FARG_IntToStr_input, 0
L__IntToStr167:
0x0395	0x1803      	BTFSC      STATUS, 0
0x0396	0x2BA8      	GOTO       L_IntToStr37
0x0397	0x3001      	MOVLW      1
0x0398	0x1683      	BSF        STATUS, 5
0x0399	0x00A0      	MOVWF      IntToStr_negative_L0
0x039A	0x3000      	MOVLW      0
0x039B	0x00A1      	MOVWF      IntToStr_negative_L0+1
0x039C	0x1283      	BCF        STATUS, 5
0x039D	0x086B      	MOVF       FARG_IntToStr_input, 0
0x039E	0x3C00      	SUBLW      0
0x039F	0x1683      	BSF        STATUS, 5
0x03A0	0x00A2      	MOVWF      IntToStr_inword_L0
0x03A1	0x1283      	BCF        STATUS, 5
0x03A2	0x086C      	MOVF       FARG_IntToStr_input+1, 0
0x03A3	0x1C03      	BTFSS      STATUS, 0
0x03A4	0x3E01      	ADDLW      1
0x03A5	0x1683      	BSF        STATUS, 5
0x03A6	0x01A3      	CLRF       IntToStr_inword_L0+1
0x03A7	0x02A3      	SUBWF      IntToStr_inword_L0+1, 1
L_IntToStr37:
0x03A8	0x1683      	BSF        STATUS, 5
0x03A9	0x0822      	MOVF       IntToStr_inword_L0, 0
0x03AA	0x00A4      	MOVWF      FARG_WordToStr_input
0x03AB	0x0823      	MOVF       IntToStr_inword_L0+1, 0
0x03AC	0x00A5      	MOVWF      FARG_WordToStr_input+1
0x03AD	0x1283      	BCF        STATUS, 5
0x03AE	0x086D      	MOVF       FARG_IntToStr_output, 0
0x03AF	0x1683      	BSF        STATUS, 5
0x03B0	0x00A6      	MOVWF      FARG_WordToStr_output
0x03B1	0x226F      	CALL       _WordToStr
0x03B2	0x3006      	MOVLW      6
0x03B3	0x1283      	BCF        STATUS, 5
0x03B4	0x00EE      	MOVWF      IntToStr_i_L0
0x03B5	0x3000      	MOVLW      0
0x03B6	0x00EF      	MOVWF      IntToStr_i_L0+1
L_IntToStr38:
0x03B7	0x086F      	MOVF       IntToStr_i_L0+1, 0
0x03B8	0x3C00      	SUBLW      0
0x03B9	0x1D03      	BTFSS      STATUS, 2
0x03BA	0x2BBD      	GOTO       L__IntToStr168
0x03BB	0x086E      	MOVF       IntToStr_i_L0, 0
0x03BC	0x3C00      	SUBLW      0
L__IntToStr168:
0x03BD	0x1803      	BTFSC      STATUS, 0
0x03BE	0x2BD8      	GOTO       L_IntToStr39
0x03BF	0x086E      	MOVF       IntToStr_i_L0, 0
0x03C0	0x076D      	ADDWF      FARG_IntToStr_output, 0
0x03C1	0x00F2      	MOVWF      R2
0x03C2	0x3001      	MOVLW      1
0x03C3	0x026E      	SUBWF      IntToStr_i_L0, 0
0x03C4	0x00F0      	MOVWF      R0
0x03C5	0x3000      	MOVLW      0
0x03C6	0x1C03      	BTFSS      STATUS, 0
0x03C7	0x3E01      	ADDLW      1
0x03C8	0x026F      	SUBWF      IntToStr_i_L0+1, 0
0x03C9	0x00F1      	MOVWF      R0+1
0x03CA	0x0870      	MOVF       R0, 0
0x03CB	0x076D      	ADDWF      FARG_IntToStr_output, 0
0x03CC	0x0084      	MOVWF      FSR
0x03CD	0x0800      	MOVF       INDF, 0
0x03CE	0x00F0      	MOVWF      R0
0x03CF	0x0872      	MOVF       R2, 0
0x03D0	0x0084      	MOVWF      FSR
0x03D1	0x0870      	MOVF       R0, 0
0x03D2	0x0080      	MOVWF      INDF
0x03D3	0x3001      	MOVLW      1
0x03D4	0x02EE      	SUBWF      IntToStr_i_L0, 1
0x03D5	0x1C03      	BTFSS      STATUS, 0
0x03D6	0x03EF      	DECF       IntToStr_i_L0+1, 1
0x03D7	0x2BB7      	GOTO       L_IntToStr38
L_IntToStr39:
0x03D8	0x086D      	MOVF       FARG_IntToStr_output, 0
0x03D9	0x0084      	MOVWF      FSR
0x03DA	0x3020      	MOVLW      32
0x03DB	0x0080      	MOVWF      INDF
0x03DC	0x1683      	BSF        STATUS, 5
0x03DD	0x0820      	MOVF       IntToStr_negative_L0, 0
0x03DE	0x0421      	IORWF      IntToStr_negative_L0+1, 0
0x03DF	0x1903      	BTFSC      STATUS, 2
0x03E0	0x2BF8      	GOTO       L_IntToStr40
0x03E1	0x1283      	BCF        STATUS, 5
0x03E2	0x01EE      	CLRF       IntToStr_i_L0
0x03E3	0x01EF      	CLRF       IntToStr_i_L0+1
L_IntToStr41:
0x03E4	0x086E      	MOVF       IntToStr_i_L0, 0
0x03E5	0x076D      	ADDWF      FARG_IntToStr_output, 0
0x03E6	0x0084      	MOVWF      FSR
0x03E7	0x0800      	MOVF       INDF, 0
0x03E8	0x3A20      	XORLW      32
0x03E9	0x1D03      	BTFSS      STATUS, 2
0x03EA	0x2BEF      	GOTO       L_IntToStr42
0x03EB	0x0AEE      	INCF       IntToStr_i_L0, 1
0x03EC	0x1903      	BTFSC      STATUS, 2
0x03ED	0x0AEF      	INCF       IntToStr_i_L0+1, 1
0x03EE	0x2BE4      	GOTO       L_IntToStr41
L_IntToStr42:
0x03EF	0x3001      	MOVLW      1
0x03F0	0x02EE      	SUBWF      IntToStr_i_L0, 1
0x03F1	0x1C03      	BTFSS      STATUS, 0
0x03F2	0x03EF      	DECF       IntToStr_i_L0+1, 1
0x03F3	0x086E      	MOVF       IntToStr_i_L0, 0
0x03F4	0x076D      	ADDWF      FARG_IntToStr_output, 0
0x03F5	0x0084      	MOVWF      FSR
0x03F6	0x302D      	MOVLW      45
0x03F7	0x0080      	MOVWF      INDF
L_IntToStr40:
L_end_IntToStr:
0x03F8	0x0008      	RETURN
; end of _IntToStr
_ADC_Read:
0x03F9	0x1283      	BCF        STATUS, 5
0x03FA	0x1303      	BCF        STATUS, 6
0x03FB	0x019F      	CLRF       ADCON0
0x03FC	0x30C0      	MOVLW      192
0x03FD	0x049F      	IORWF      ADCON0, 1
0x03FE	0x092D      	COMF       _vref_mask, 0
0x03FF	0x00F0      	MOVWF      R0
0x0400	0x0870      	MOVF       R0, 0
0x0401	0x1683      	BSF        STATUS, 5
0x0402	0x059F      	ANDWF      ADCON1, 1
0x0403	0x171F      	BSF        ADCON1, 6
0x0404	0x179F      	BSF        ADCON1, 7
0x0405	0x1283      	BCF        STATUS, 5
0x0406	0x086B      	MOVF       FARG_ADC_Read_channel, 0
0x0407	0x00F0      	MOVWF      R0
0x0408	0x0DF0      	RLF        R0, 1
0x0409	0x1070      	BCF        R0, 0
0x040A	0x0DF0      	RLF        R0, 1
0x040B	0x1070      	BCF        R0, 0
0x040C	0x0DF0      	RLF        R0, 1
0x040D	0x1070      	BCF        R0, 0
0x040E	0x0870      	MOVF       R0, 0
0x040F	0x049F      	IORWF      ADCON0, 1
0x0410	0x141F      	BSF        ADCON0, 0
0x0411	0x22B1      	CALL       _Delay_22us
0x0412	0x151F      	BSF        ADCON0, 2
L_ADC_Read2:
0x0413	0x1D1F      	BTFSS      ADCON0, 2
0x0414	0x2C17      	GOTO       L_ADC_Read3
0x0415	0x0000      	NOP
0x0416	0x2C13      	GOTO       L_ADC_Read2
L_ADC_Read3:
0x0417	0x101F      	BCF        ADCON0, 0
0x0418	0x081E      	MOVF       ADRESH, 0
0x0419	0x00F1      	MOVWF      R0+1
0x041A	0x01F0      	CLRF       R0
0x041B	0x1683      	BSF        STATUS, 5
0x041C	0x081E      	MOVF       ADRESL, 0
0x041D	0x04F0      	IORWF      R0, 1
0x041E	0x3000      	MOVLW      0
0x041F	0x04F1      	IORWF      R0+1, 1
L_end_ADC_Read:
0x0420	0x0008      	RETURN
; end of _ADC_Read
_Mul_32x32_U:
0x0421	0x1283      	BCF        STATUS, 5
0x0422	0x1303      	BCF        STATUS, 6
0x0423	0x3022      	MOVLW      34
0x0424	0x00FC      	MOVWF      R12
0x0425	0x01F8      	CLRF       R8
0x0426	0x01F9      	CLRF       R9
0x0427	0x01FA      	CLRF       R10
0x0428	0x01FB      	CLRF       R11
_NEXT:
0x0429	0x03FC      	DECF       R12, 1
0x042A	0x1903      	BTFSC      STATUS, 2
0x042B	0x2C57      	GOTO       _EXIT2
0x042C	0x1003      	BCF        STATUS, 0
_LOOP:
0x042D	0x0CFB      	RRF        R11, 1
0x042E	0x0CFA      	RRF        R10, 1
0x042F	0x0CF9      	RRF        R9, 1
0x0430	0x0CF8      	RRF        R8, 1
0x0431	0x0CF3      	RRF        R3, 1
0x0432	0x0CF2      	RRF        R2, 1
0x0433	0x0CF1      	RRF        R1, 1
0x0434	0x0CF0      	RRF        R0, 1
0x0435	0x1C03      	BTFSS      STATUS, 0
0x0436	0x2C29      	GOTO       _NEXT
0x0437	0x03FC      	DECF       R12, 1
0x0438	0x1903      	BTFSC      STATUS, 2
0x0439	0x2C49      	GOTO       _EXIT1
0x043A	0x0874      	MOVF       R4, 0
0x043B	0x07F8      	ADDWF      R8, 1
0x043C	0x0875      	MOVF       R5, 0
0x043D	0x1803      	BTFSC      STATUS, 0
0x043E	0x0F75      	INCFSZ     R5, 0
0x043F	0x07F9      	ADDWF      R9, 1
0x0440	0x0876      	MOVF       R6, 0
0x0441	0x1803      	BTFSC      STATUS, 0
0x0442	0x0F76      	INCFSZ     R6, 0
0x0443	0x07FA      	ADDWF      R10, 1
0x0444	0x0877      	MOVF       R7, 0
0x0445	0x1803      	BTFSC      STATUS, 0
0x0446	0x0F77      	INCFSZ     R7, 0
0x0447	0x07FB      	ADDWF      R11, 1
0x0448	0x2C2D      	GOTO       _LOOP
_EXIT1:
0x0449	0x0874      	MOVF       R4, 0
0x044A	0x07F8      	ADDWF      R8, 1
0x044B	0x0875      	MOVF       R5, 0
0x044C	0x1803      	BTFSC      STATUS, 0
0x044D	0x0F75      	INCFSZ     R5, 0
0x044E	0x07F9      	ADDWF      R9, 1
0x044F	0x0876      	MOVF       R6, 0
0x0450	0x1803      	BTFSC      STATUS, 0
0x0451	0x0F76      	INCFSZ     R6, 0
0x0452	0x07FA      	ADDWF      R10, 1
0x0453	0x0877      	MOVF       R7, 0
0x0454	0x1803      	BTFSC      STATUS, 0
0x0455	0x0F77      	INCFSZ     R7, 0
0x0456	0x07FB      	ADDWF      R11, 1
_EXIT2:
L_end_Mul_32x32_U:
0x0457	0x0008      	RETURN
; end of _Mul_32x32_U
_UART1_Write_Text:
0x0458	0x1283      	BCF        STATUS, 5
0x0459	0x1303      	BCF        STATUS, 6
0x045A	0x01ED      	CLRF       UART1_Write_Text_counter_L0
0x045B	0x086B      	MOVF       FARG_UART1_Write_Text_uart_text, 0
0x045C	0x0084      	MOVWF      FSR
0x045D	0x0800      	MOVF       INDF, 0
0x045E	0x00EC      	MOVWF      UART1_Write_Text_data__L0
L_UART1_Write_Text5:
0x045F	0x086C      	MOVF       UART1_Write_Text_data__L0, 0
0x0460	0x3A00      	XORLW      0
0x0461	0x1903      	BTFSC      STATUS, 2
0x0462	0x2C6E      	GOTO       L_UART1_Write_Text6
0x0463	0x086C      	MOVF       UART1_Write_Text_data__L0, 0
0x0464	0x1683      	BSF        STATUS, 5
0x0465	0x00A4      	MOVWF      FARG_UART1_Write_data_
0x0466	0x22B9      	CALL       _UART1_Write
0x0467	0x0AED      	INCF       UART1_Write_Text_counter_L0, 1
0x0468	0x086D      	MOVF       UART1_Write_Text_counter_L0, 0
0x0469	0x076B      	ADDWF      FARG_UART1_Write_Text_uart_text, 0
0x046A	0x0084      	MOVWF      FSR
0x046B	0x0800      	MOVF       INDF, 0
0x046C	0x00EC      	MOVWF      UART1_Write_Text_data__L0
0x046D	0x2C5F      	GOTO       L_UART1_Write_Text5
L_UART1_Write_Text6:
L_end_UART1_Write_Text:
0x046E	0x0008      	RETURN
; end of _UART1_Write_Text
_UART1_Init:
0x046F	0x1683      	BSF        STATUS, 5
0x0470	0x1303      	BCF        STATUS, 6
0x0471	0x1698      	BSF        TXSTA, 5
0x0472	0x3090      	MOVLW      144
0x0473	0x1283      	BCF        STATUS, 5
0x0474	0x0098      	MOVWF      RCSTA
0x0475	0x1683      	BSF        STATUS, 5
0x0476	0x1787      	BSF        TRISC7_bit, BitPos(TRISC7_bit+0)
0x0477	0x1307      	BCF        TRISC6_bit, BitPos(TRISC6_bit+0)
L_UART1_Init0:
0x0478	0x1283      	BCF        STATUS, 5
0x0479	0x1E8C      	BTFSS      PIR1, 5
0x047A	0x2C7E      	GOTO       L_UART1_Init1
0x047B	0x081A      	MOVF       RCREG, 0
0x047C	0x00F0      	MOVWF      R0
0x047D	0x2C78      	GOTO       L_UART1_Init0
L_UART1_Init1:
L_end_UART1_Init:
0x047E	0x0008      	RETURN
; end of _UART1_Init
___CC2DW:
_CC2D_Loop1:
0x047F	0x22C3      	CALL       _____DoICP
0x0480	0x118A      	BCF        PCLATH, 3
0x0481	0x120A      	BCF        PCLATH, 4
0x0482	0x0080      	MOVWF      INDF
0x0483	0x0A84      	INCF       FSR, 1
0x0484	0x0ACF      	INCF       ___DoICPAddr, 1
0x0485	0x1903      	BTFSC      STATUS, 2
0x0486	0x0AD0      	INCF       ___DoICPAddr+1, 1
0x0487	0x03F0      	DECF       R0, 1
0x0488	0x1D03      	BTFSS      STATUS, 2
0x0489	0x2C7F      	GOTO       _CC2D_Loop1
L_end___CC2DW:
0x048A	0x0008      	RETURN
; end of ___CC2DW
_Div_16x16_S:
0x048B	0x1283      	BCF        STATUS, 5
0x048C	0x1303      	BCF        STATUS, 6
0x048D	0x0874      	MOVF       R4, 0
0x048E	0x3A00      	XORLW      0
0x048F	0x1D03      	BTFSS      STATUS, 2
0x0490	0x2C9A      	GOTO       L_Div_16x16_S0
0x0491	0x0875      	MOVF       R5, 0
0x0492	0x3A00      	XORLW      0
0x0493	0x1D03      	BTFSS      STATUS, 2
0x0494	0x2C9A      	GOTO       L_Div_16x16_S1
0x0495	0x30FF      	MOVLW      255
0x0496	0x00F0      	MOVWF      R0
0x0497	0x307F      	MOVLW      127
0x0498	0x00F1      	MOVWF      R1
0x0499	0x2CF3      	GOTO       L_end_Div_16x16_S
L_Div_16x16_S1:
L_Div_16x16_S0:
0x049A	0x1283      	BCF        STATUS, 5
0x049B	0x1303      	BCF        STATUS, 6
0x049C	0x01FD      	CLRF       R13
0x049D	0x01F9      	CLRF       R9
0x049E	0x01F8      	CLRF       R8
0x049F	0x0871      	MOVF       R1, 0
0x04A0	0x0470      	IORWF      R0, 0
0x04A1	0x1903      	BTFSC      STATUS, 2
0x04A2	0x3400      	RETLW      0
0x04A3	0x0871      	MOVF       R1, 0
0x04A4	0x0675      	XORWF      R5, 0
0x04A5	0x00FA      	MOVWF      R10
0x04A6	0x1BFA      	BTFSC      R10, 7
0x04A7	0x09FD      	COMF       R13, 1
0x04A8	0x01FB      	CLRF       R11
0x04A9	0x1FF5      	BTFSS      R5, 7
0x04AA	0x2CB0      	GOTO       $+6
0x04AB	0x09F4      	COMF       R4, 1
0x04AC	0x09F5      	COMF       R5, 1
0x04AD	0x0AF4      	INCF       R4, 1
0x04AE	0x1903      	BTFSC      STATUS, 2
0x04AF	0x0AF5      	INCF       R5, 1
0x04B0	0x1FF1      	BTFSS      R1, 7
0x04B1	0x2CB7      	GOTO       $+6
0x04B2	0x09F0      	COMF       R0, 1
0x04B3	0x09F1      	COMF       R1, 1
0x04B4	0x0AF0      	INCF       R0, 1
0x04B5	0x1903      	BTFSC      STATUS, 2
0x04B6	0x0AF1      	INCF       R1, 1
0x04B7	0x0871      	MOVF       R1, 0
0x04B8	0x0475      	IORWF      R5, 0
0x04B9	0x00FA      	MOVWF      R10
0x04BA	0x1BFA      	BTFSC      R10, 7
0x04BB	0x2CCC      	GOTO       $+17
0x04BC	0x210B      	CALL       _Div_16x16_S_L
0x04BD	0x187B      	BTFSC      R11, 0
0x04BE	0x2CDF      	GOTO       $+33
0x04BF	0x1FFD      	BTFSS      R13, 7
0x04C0	0x3400      	RETLW      0
0x04C1	0x09F0      	COMF       R0, 1
0x04C2	0x09F1      	COMF       R1, 1
0x04C3	0x0AF0      	INCF       R0, 1
0x04C4	0x1903      	BTFSC      STATUS, 2
0x04C5	0x0AF1      	INCF       R1, 1
0x04C6	0x09F8      	COMF       R8, 1
0x04C7	0x09F9      	COMF       R9, 1
0x04C8	0x0AF8      	INCF       R8, 1
0x04C9	0x1903      	BTFSC      STATUS, 2
0x04CA	0x0AF9      	INCF       R9, 1
0x04CB	0x3400      	RETLW      0
0x04CC	0x1FF5      	BTFSS      R5, 7
0x04CD	0x2CDB      	GOTO       $+14
0x04CE	0x1BF1      	BTFSC      R1, 7
0x04CF	0x2CD7      	GOTO       $+8
0x04D0	0x0871      	MOVF       R1, 0
0x04D1	0x00F9      	MOVWF      R9
0x04D2	0x0870      	MOVF       R0, 0
0x04D3	0x00F8      	MOVWF      R8
0x04D4	0x01F1      	CLRF       R1
0x04D5	0x01F0      	CLRF       R0
0x04D6	0x2CBF      	GOTO       $-23
0x04D7	0x01F1      	CLRF       R1
0x04D8	0x01F0      	CLRF       R0
0x04D9	0x0AF0      	INCF       R0, 1
0x04DA	0x3400      	RETLW      0
0x04DB	0x09F1      	COMF       R1, 1
0x04DC	0x09F0      	COMF       R0, 1
0x04DD	0x0AFB      	INCF       R11, 1
0x04DE	0x2CBC      	GOTO       $-34
0x04DF	0x0AF8      	INCF       R8, 1
0x04E0	0x1903      	BTFSC      STATUS, 2
0x04E1	0x0AF9      	INCF       R9, 1
0x04E2	0x0874      	MOVF       R4, 0
0x04E3	0x0278      	SUBWF      R8, 0
0x04E4	0x1D03      	BTFSS      STATUS, 2
0x04E5	0x2CBF      	GOTO       $-38
0x04E6	0x0875      	MOVF       R5, 0
0x04E7	0x0279      	SUBWF      R9, 0
0x04E8	0x1D03      	BTFSS      STATUS, 2
0x04E9	0x2CBF      	GOTO       $-42
0x04EA	0x01F9      	CLRF       R9
0x04EB	0x01F8      	CLRF       R8
0x04EC	0x0AF0      	INCF       R0, 1
0x04ED	0x1903      	BTFSC      STATUS, 2
0x04EE	0x0AF1      	INCF       R1, 1
0x04EF	0x1FF1      	BTFSS      R1, 7
0x04F0	0x2CBF      	GOTO       $-49
0x04F1	0x0000      	NOP
0x04F2	0x34FF      	RETLW      255
L_end_Div_16x16_S:
0x04F3	0x0008      	RETURN
; end of _Div_16x16_S
_Display:
0x04F4	0x1683      	BSF        STATUS, 5
0x04F5	0x1303      	BCF        STATUS, 6
0x04F6	0x01AE      	CLRF       Display_SEGMENTO_L0
0x04F7	0x01AF      	CLRF       Display_SEGMENTO_L0+1
0x04F8	0x3001      	MOVLW      1
0x04F9	0x00B0      	MOVWF      Display_SEGMENTO_L0+2
0x04FA	0x3000      	MOVLW      0
0x04FB	0x00B1      	MOVWF      Display_SEGMENTO_L0+3
0x04FC	0x3002      	MOVLW      2
0x04FD	0x00B2      	MOVWF      Display_SEGMENTO_L0+4
0x04FE	0x3000      	MOVLW      0
0x04FF	0x00B3      	MOVWF      Display_SEGMENTO_L0+5
0x0500	0x3003      	MOVLW      3
0x0501	0x00B4      	MOVWF      Display_SEGMENTO_L0+6
0x0502	0x3000      	MOVLW      0
0x0503	0x00B5      	MOVWF      Display_SEGMENTO_L0+7
0x0504	0x3004      	MOVLW      4
0x0505	0x00B6      	MOVWF      Display_SEGMENTO_L0+8
0x0506	0x3000      	MOVLW      0
0x0507	0x00B7      	MOVWF      Display_SEGMENTO_L0+9
0x0508	0x3005      	MOVLW      5
0x0509	0x00B8      	MOVWF      Display_SEGMENTO_L0+10
0x050A	0x3000      	MOVLW      0
0x050B	0x00B9      	MOVWF      Display_SEGMENTO_L0+11
0x050C	0x3006      	MOVLW      6
0x050D	0x00BA      	MOVWF      Display_SEGMENTO_L0+12
0x050E	0x3000      	MOVLW      0
0x050F	0x00BB      	MOVWF      Display_SEGMENTO_L0+13
0x0510	0x3007      	MOVLW      7
0x0511	0x00BC      	MOVWF      Display_SEGMENTO_L0+14
0x0512	0x3000      	MOVLW      0
0x0513	0x00BD      	MOVWF      Display_SEGMENTO_L0+15
0x0514	0x3008      	MOVLW      8
0x0515	0x00BE      	MOVWF      Display_SEGMENTO_L0+16
0x0516	0x3000      	MOVLW      0
0x0517	0x00BF      	MOVWF      Display_SEGMENTO_L0+17
0x0518	0x3009      	MOVLW      9
0x0519	0x00C0      	MOVWF      Display_SEGMENTO_L0+18
0x051A	0x3000      	MOVLW      0
0x051B	0x00C1      	MOVWF      Display_SEGMENTO_L0+19
0x051C	0x082C      	MOVF       FARG_Display_no, 0
0x051D	0x00F0      	MOVWF      R0
0x051E	0x082D      	MOVF       FARG_Display_no+1, 0
0x051F	0x00F1      	MOVWF      R0+1
0x0520	0x0DF0      	RLF        R0, 1
0x0521	0x0DF1      	RLF        R0+1, 1
0x0522	0x1070      	BCF        R0, 0
0x0523	0x0870      	MOVF       R0, 0
0x0524	0x3EAE      	ADDLW      Display_SEGMENTO_L0
0x0525	0x0084      	MOVWF      FSR
0x0526	0x0800      	MOVF       INDF, 0
0x0527	0x00F0      	MOVWF      R0
0x0528	0x0A84      	INCF       FSR, 1
0x0529	0x0800      	MOVF       INDF, 0
0x052A	0x00F1      	MOVWF      R0+1
L_end_Display:
0x052B	0x0008      	RETURN
; end of _Display
_main:
0x052C	0x264C      	CALL       1612
0x052D	0x3007      	MOVLW      7
0x052E	0x1683      	BSF        STATUS, 5
0x052F	0x1303      	BCF        STATUS, 6
0x0530	0x009C      	MOVWF      CMCON
0x0531	0x3001      	MOVLW      1
0x0532	0x1283      	BCF        STATUS, 5
0x0533	0x009F      	MOVWF      ADCON0
0x0534	0x300E      	MOVLW      14
0x0535	0x1683      	BSF        STATUS, 5
0x0536	0x009F      	MOVWF      ADCON1
0x0537	0x1405      	BSF        TRISA, 0
0x0538	0x3031      	MOVLW      49
0x0539	0x1283      	BCF        STATUS, 5
0x053A	0x0090      	MOVWF      T1CON
0x053B	0x100C      	BCF        TMR1IF_bit, BitPos(TMR1IF_bit+0)
0x053C	0x300B      	MOVLW      11
0x053D	0x008F      	MOVWF      TMR1H
0x053E	0x30DC      	MOVLW      220
0x053F	0x008E      	MOVWF      TMR1L
0x0540	0x1683      	BSF        STATUS, 5
0x0541	0x140C      	BSF        TMR1IE_bit, BitPos(TMR1IE_bit+0)
0x0542	0x3087      	MOVLW      135
0x0543	0x0081      	MOVWF      OPTION_REG
0x0544	0x3009      	MOVLW      9
0x0545	0x1283      	BCF        STATUS, 5
0x0546	0x0090      	MOVWF      T1CON
0x0547	0x3064      	MOVLW      100
0x0548	0x0081      	MOVWF      TMR0
0x0549	0x30E0      	MOVLW      224
0x054A	0x008B      	MOVWF      INTCON
0x054B	0x30FF      	MOVLW      255
0x054C	0x1683      	BSF        STATUS, 5
0x054D	0x0089      	MOVWF      TRISE
0x054E	0x0186      	CLRF       TRISB
0x054F	0x1283      	BCF        STATUS, 5
0x0550	0x0186      	CLRF       PORTB
0x0551	0x1206      	BCF        RB4_bit, BitPos(RB4_bit+0)
0x0552	0x1286      	BCF        RB5_bit, BitPos(RB5_bit+0)
0x0553	0x3081      	MOVLW      129
0x0554	0x1683      	BSF        STATUS, 5
0x0555	0x0099      	MOVWF      SPBRG
0x0556	0x1518      	BSF        TXSTA, 2
0x0557	0x246F      	CALL       _UART1_Init
0x0558	0x3003      	MOVLW      3
0x0559	0x00FB      	MOVWF      R11
0x055A	0x308A      	MOVLW      138
0x055B	0x00FC      	MOVWF      R12
0x055C	0x3055      	MOVLW      85
0x055D	0x00FD      	MOVWF      R13
L_main13:
0x055E	0x0BFD      	DECFSZ     R13, 1
0x055F	0x2D5E      	GOTO       L_main13
0x0560	0x0BFC      	DECFSZ     R12, 1
0x0561	0x2D5E      	GOTO       L_main13
0x0562	0x0BFB      	DECFSZ     R11, 1
0x0563	0x2D5E      	GOTO       L_main13
0x0564	0x0000      	NOP
0x0565	0x0000      	NOP
0x0566	0x3032      	MOVLW      ?lstr1_projetomicrocontroladores
0x0567	0x00EB      	MOVWF      FARG_UART1_Write_Text_uart_text
0x0568	0x2458      	CALL       _UART1_Write_Text
0x0569	0x300A      	MOVLW      10
0x056A	0x1683      	BSF        STATUS, 5
0x056B	0x00A4      	MOVWF      FARG_UART1_Write_data_
0x056C	0x22B9      	CALL       _UART1_Write
0x056D	0x300D      	MOVLW      13
0x056E	0x1683      	BSF        STATUS, 5
0x056F	0x00A4      	MOVWF      FARG_UART1_Write_data_
0x0570	0x22B9      	CALL       _UART1_Write
L_main14:
0x0571	0x01EB      	CLRF       FARG_ADC_Read_channel
0x0572	0x23F9      	CALL       _ADC_Read
0x0573	0x0870      	MOVF       R0, 0
0x0574	0x1283      	BCF        STATUS, 5
0x0575	0x00B8      	MOVWF      _valorAD
0x0576	0x0871      	MOVF       R0+1, 0
0x0577	0x00B9      	MOVWF      _valorAD+1
0x0578	0x01BA      	CLRF       _valorAD+2
0x0579	0x01BB      	CLRF       _valorAD+3
0x057A	0x0838      	MOVF       _valorAD, 0
0x057B	0x00F0      	MOVWF      R0
0x057C	0x0839      	MOVF       _valorAD+1, 0
0x057D	0x00F1      	MOVWF      R0+1
0x057E	0x083A      	MOVF       _valorAD+2, 0
0x057F	0x00F2      	MOVWF      R0+2
0x0580	0x083B      	MOVF       _valorAD+3, 0
0x0581	0x00F3      	MOVWF      R0+3
0x0582	0x300E      	MOVLW      14
0x0583	0x00F4      	MOVWF      R4
0x0584	0x01F5      	CLRF       R4+1
0x0585	0x01F6      	CLRF       R4+2
0x0586	0x01F7      	CLRF       R4+3
0x0587	0x2421      	CALL       _Mul_32x32_U
0x0588	0x30FF      	MOVLW      255
0x0589	0x00F4      	MOVWF      R4
0x058A	0x3003      	MOVLW      3
0x058B	0x00F5      	MOVWF      R4+1
0x058C	0x01F6      	CLRF       R4+2
0x058D	0x01F7      	CLRF       R4+3
0x058E	0x22CA      	CALL       _Div_32x32_S
0x058F	0x0870      	MOVF       R0, 0
0x0590	0x00B8      	MOVWF      _valorAD
0x0591	0x0871      	MOVF       R0+1, 0
0x0592	0x00B9      	MOVWF      _valorAD+1
0x0593	0x0872      	MOVF       R0+2, 0
0x0594	0x00BA      	MOVWF      _valorAD+2
0x0595	0x0873      	MOVF       R0+3, 0
0x0596	0x00BB      	MOVWF      _valorAD+3
0x0597	0x0870      	MOVF       R0, 0
0x0598	0x00EB      	MOVWF      FARG_IntToStr_input
0x0599	0x0871      	MOVF       R0+1, 0
0x059A	0x00EC      	MOVWF      FARG_IntToStr_input+1
0x059B	0x3051      	MOVLW      _txt
0x059C	0x00ED      	MOVWF      FARG_IntToStr_output
0x059D	0x237F      	CALL       _IntToStr
0x059E	0x3051      	MOVLW      _txt
0x059F	0x1283      	BCF        STATUS, 5
0x05A0	0x1303      	BCF        STATUS, 6
0x05A1	0x00EB      	MOVWF      FARG_UART1_Write_Text_uart_text
0x05A2	0x2458      	CALL       _UART1_Write_Text
0x05A3	0x302E      	MOVLW      ?lstr2_projetomicrocontroladores
0x05A4	0x00EB      	MOVWF      FARG_UART1_Write_Text_uart_text
0x05A5	0x2458      	CALL       _UART1_Write_Text
0x05A6	0x300A      	MOVLW      10
0x05A7	0x1683      	BSF        STATUS, 5
0x05A8	0x00A4      	MOVWF      FARG_UART1_Write_data_
0x05A9	0x22B9      	CALL       _UART1_Write
0x05AA	0x300D      	MOVLW      13
0x05AB	0x1683      	BSF        STATUS, 5
0x05AC	0x00A4      	MOVWF      FARG_UART1_Write_data_
0x05AD	0x22B9      	CALL       _UART1_Write
0x05AE	0x0847      	MOVF       _setpoint, 0
0x05AF	0x00EB      	MOVWF      FARG_IntToStr_input
0x05B0	0x0848      	MOVF       _setpoint+1, 0
0x05B1	0x00EC      	MOVWF      FARG_IntToStr_input+1
0x05B2	0x305A      	MOVLW      _st
0x05B3	0x00ED      	MOVWF      FARG_IntToStr_output
0x05B4	0x237F      	CALL       _IntToStr
0x05B5	0x305A      	MOVLW      _st
0x05B6	0x1283      	BCF        STATUS, 5
0x05B7	0x1303      	BCF        STATUS, 6
0x05B8	0x00EB      	MOVWF      FARG_UART1_Write_Text_uart_text
0x05B9	0x2458      	CALL       _UART1_Write_Text
0x05BA	0x303C      	MOVLW      ?lstr3_projetomicrocontroladores
0x05BB	0x00EB      	MOVWF      FARG_UART1_Write_Text_uart_text
0x05BC	0x2458      	CALL       _UART1_Write_Text
0x05BD	0x300A      	MOVLW      10
0x05BE	0x1683      	BSF        STATUS, 5
0x05BF	0x00A4      	MOVWF      FARG_UART1_Write_data_
0x05C0	0x22B9      	CALL       _UART1_Write
0x05C1	0x300D      	MOVLW      13
0x05C2	0x1683      	BSF        STATUS, 5
0x05C3	0x00A4      	MOVWF      FARG_UART1_Write_data_
0x05C4	0x22B9      	CALL       _UART1_Write
0x05C5	0x300D      	MOVLW      13
0x05C6	0x1683      	BSF        STATUS, 5
0x05C7	0x00A4      	MOVWF      FARG_UART1_Write_data_
0x05C8	0x22B9      	CALL       _UART1_Write
0x05C9	0x3003      	MOVLW      3
0x05CA	0x00FB      	MOVWF      R11
0x05CB	0x308A      	MOVLW      138
0x05CC	0x00FC      	MOVWF      R12
0x05CD	0x3055      	MOVLW      85
0x05CE	0x00FD      	MOVWF      R13
L_main16:
0x05CF	0x0BFD      	DECFSZ     R13, 1
0x05D0	0x2DCF      	GOTO       L_main16
0x05D1	0x0BFC      	DECFSZ     R12, 1
0x05D2	0x2DCF      	GOTO       L_main16
0x05D3	0x0BFB      	DECFSZ     R11, 1
0x05D4	0x2DCF      	GOTO       L_main16
0x05D5	0x0000      	NOP
0x05D6	0x0000      	NOP
0x05D7	0x300A      	MOVLW      10
0x05D8	0x00F4      	MOVWF      R4
0x05D9	0x01F5      	CLRF       R4+1
0x05DA	0x01F6      	CLRF       R4+2
0x05DB	0x01F7      	CLRF       R4+3
0x05DC	0x0838      	MOVF       _valorAD, 0
0x05DD	0x00F0      	MOVWF      R0
0x05DE	0x0839      	MOVF       _valorAD+1, 0
0x05DF	0x00F1      	MOVWF      R0+1
0x05E0	0x083A      	MOVF       _valorAD+2, 0
0x05E1	0x00F2      	MOVWF      R0+2
0x05E2	0x083B      	MOVF       _valorAD+3, 0
0x05E3	0x00F3      	MOVWF      R0+3
0x05E4	0x22CA      	CALL       _Div_32x32_S
0x05E5	0x0870      	MOVF       R0, 0
0x05E6	0x00E7      	MOVWF      FLOC__main+4
0x05E7	0x0871      	MOVF       R0+1, 0
0x05E8	0x00E8      	MOVWF      FLOC__main+5
0x05E9	0x0872      	MOVF       R0+2, 0
0x05EA	0x00E9      	MOVWF      FLOC__main+6
0x05EB	0x0873      	MOVF       R0+3, 0
0x05EC	0x00EA      	MOVWF      FLOC__main+7
0x05ED	0x300A      	MOVLW      10
0x05EE	0x00F4      	MOVWF      R4
0x05EF	0x01F5      	CLRF       R4+1
0x05F0	0x01F6      	CLRF       R4+2
0x05F1	0x01F7      	CLRF       R4+3
0x05F2	0x0838      	MOVF       _valorAD, 0
0x05F3	0x00F0      	MOVWF      R0
0x05F4	0x0839      	MOVF       _valorAD+1, 0
0x05F5	0x00F1      	MOVWF      R0+1
0x05F6	0x083A      	MOVF       _valorAD+2, 0
0x05F7	0x00F2      	MOVWF      R0+2
0x05F8	0x083B      	MOVF       _valorAD+3, 0
0x05F9	0x00F3      	MOVWF      R0+3
0x05FA	0x22CA      	CALL       _Div_32x32_S
0x05FB	0x0878      	MOVF       R8, 0
0x05FC	0x00F0      	MOVWF      R0
0x05FD	0x0879      	MOVF       R8+1, 0
0x05FE	0x00F1      	MOVWF      R0+1
0x05FF	0x087A      	MOVF       R8+2, 0
0x0600	0x00F2      	MOVWF      R0+2
0x0601	0x087B      	MOVF       R8+3, 0
0x0602	0x00F3      	MOVWF      R0+3
0x0603	0x0870      	MOVF       R0, 0
0x0604	0x00E3      	MOVWF      FLOC__main
0x0605	0x0871      	MOVF       R0+1, 0
0x0606	0x00E4      	MOVWF      FLOC__main+1
0x0607	0x0872      	MOVF       R0+2, 0
0x0608	0x00E5      	MOVWF      FLOC__main+2
0x0609	0x0873      	MOVF       R0+3, 0
0x060A	0x00E6      	MOVWF      FLOC__main+3
0x060B	0x300A      	MOVLW      10
0x060C	0x00F4      	MOVWF      R4
0x060D	0x01F5      	CLRF       R4+1
0x060E	0x01F6      	CLRF       R4+2
0x060F	0x01F7      	CLRF       R4+3
0x0610	0x0863      	MOVF       FLOC__main, 0
0x0611	0x00F0      	MOVWF      R0
0x0612	0x0864      	MOVF       FLOC__main+1, 0
0x0613	0x00F1      	MOVWF      R0+1
0x0614	0x0865      	MOVF       FLOC__main+2, 0
0x0615	0x00F2      	MOVWF      R0+2
0x0616	0x0866      	MOVF       FLOC__main+3, 0
0x0617	0x00F3      	MOVWF      R0+3
0x0618	0x22CA      	CALL       _Div_32x32_S
0x0619	0x0870      	MOVF       R0, 0
0x061A	0x0267      	SUBWF      FLOC__main+4, 0
0x061B	0x00D8      	MOVWF      _Msd
0x061C	0x0871      	MOVF       R0+1, 0
0x061D	0x1C03      	BTFSS      STATUS, 0
0x061E	0x3E01      	ADDLW      1
0x061F	0x0268      	SUBWF      FLOC__main+5, 0
0x0620	0x00D9      	MOVWF      _Msd+1
0x0621	0x0863      	MOVF       FLOC__main, 0
0x0622	0x00CD      	MOVWF      _Lsd
0x0623	0x0864      	MOVF       FLOC__main+1, 0
0x0624	0x00CE      	MOVWF      _Lsd+1
0x0625	0x2D71      	GOTO       L_main14
L_end_main:
0x0626	0x2E26      	GOTO       $+0
; end of _main
0x064C	0x302D      	MOVLW      45
0x064D	0x0084      	MOVWF      FSR
0x064E	0x3020      	MOVLW      32
0x064F	0x1283      	BCF        STATUS, 5
0x0650	0x1303      	BCF        STATUS, 6
0x0651	0x00F0      	MOVWF      R0
0x0652	0x302C      	MOVLW      44
0x0653	0x00CF      	MOVWF      ___DoICPAddr
0x0654	0x3006      	MOVLW      6
0x0655	0x00D0      	MOVWF      80
0x0656	0x247F      	CALL       1151
0x0657	0x0008      	RETURN
;__Lib_ADC_A_C.c,0 :: ?ICS_vref_mask
0x062C	0x340F ;?ICS_vref_mask+0
; end of ?ICS_vref_mask
;projetomicrocontroladores.c,0 :: ?ICS?lstr2_projetomicrocontroladores
0x062D	0x3420 ;?ICS?lstr2_projetomicrocontroladores+0
0x062E	0x3450 ;?ICS?lstr2_projetomicrocontroladores+1
0x062F	0x3448 ;?ICS?lstr2_projetomicrocontroladores+2
0x0630	0x3400 ;?ICS?lstr2_projetomicrocontroladores+3
; end of ?ICS?lstr2_projetomicrocontroladores
;projetomicrocontroladores.c,0 :: ?ICS?lstr1_projetomicrocontroladores
0x0631	0x3453 ;?ICS?lstr1_projetomicrocontroladores+0
0x0632	0x3474 ;?ICS?lstr1_projetomicrocontroladores+1
0x0633	0x3461 ;?ICS?lstr1_projetomicrocontroladores+2
0x0634	0x3472 ;?ICS?lstr1_projetomicrocontroladores+3
0x0635	0x3474 ;?ICS?lstr1_projetomicrocontroladores+4
0x0636	0x3400 ;?ICS?lstr1_projetomicrocontroladores+5
; end of ?ICS?lstr1_projetomicrocontroladores
;projetomicrocontroladores.c,0 :: ?ICS_valorAD
0x0637	0x3400 ;?ICS_valorAD+0
0x0638	0x3400 ;?ICS_valorAD+1
0x0639	0x3400 ;?ICS_valorAD+2
0x063A	0x3400 ;?ICS_valorAD+3
; end of ?ICS_valorAD
;projetomicrocontroladores.c,0 :: ?ICS?lstr3_projetomicrocontroladores
0x063B	0x3420 ;?ICS?lstr3_projetomicrocontroladores+0
0x063C	0x3453 ;?ICS?lstr3_projetomicrocontroladores+1
0x063D	0x3465 ;?ICS?lstr3_projetomicrocontroladores+2
0x063E	0x3474 ;?ICS?lstr3_projetomicrocontroladores+3
0x063F	0x3420 ;?ICS?lstr3_projetomicrocontroladores+4
0x0640	0x3470 ;?ICS?lstr3_projetomicrocontroladores+5
0x0641	0x346F ;?ICS?lstr3_projetomicrocontroladores+6
0x0642	0x3469 ;?ICS?lstr3_projetomicrocontroladores+7
0x0643	0x346E ;?ICS?lstr3_projetomicrocontroladores+8
0x0644	0x3474 ;?ICS?lstr3_projetomicrocontroladores+9
0x0645	0x3400 ;?ICS?lstr3_projetomicrocontroladores+10
; end of ?ICS?lstr3_projetomicrocontroladores
;projetomicrocontroladores.c,0 :: ?ICS_setpoint
0x0646	0x340D ;?ICS_setpoint+0
0x0647	0x3400 ;?ICS_setpoint+1
; end of ?ICS_setpoint
;projetomicrocontroladores.c,0 :: ?ICS_estado
0x0648	0x3401 ;?ICS_estado+0
0x0649	0x3400 ;?ICS_estado+1
; end of ?ICS_estado
;projetomicrocontroladores.c,0 :: ?ICS_digital
0x064A	0x3401 ;?ICS_digital+0
0x064B	0x3400 ;?ICS_digital+1
; end of ?ICS_digital
Symbol List:
//** Routines locations **
//ADDRESS    SIZE    PROCEDURE
//----------------------------------------------
0x0004     [234]    _interrupt
0x00EE      [29]    _Div_16X16_U
0x010B      [44]    _Div_16x16_S_L
0x0137     [300]    _SDIV3232L
0x0263      [12]    _COMFREM
0x026F      [66]    _WordToStr
0x02B1       [8]    _Delay_22us
0x02B9      [10]    _UART1_Write
0x02C3       [7]    _____DoICP
0x02CA     [181]    _Div_32x32_S
0x037F     [122]    _IntToStr
0x03F9      [40]    _ADC_Read
0x0421      [55]    _Mul_32x32_U
0x0458      [23]    _UART1_Write_Text
0x046F      [16]    _UART1_Init
0x047F      [12]    ___CC2DW
0x048B     [105]    _Div_16x16_S
0x04F4      [56]    _Display
0x052C     [250]    _main
//** Variables locations ** 
//ADDRESS    SIZE    VARIABLE
//----------------------------------------------
0x0000       [1]    INDF
0x0001       [1]    TMR0
0x0002       [1]    PCL
0x0003       [1]    STATUS
0x0004       [1]    FSR
0x0006       [1]    PORTB
0x0006       [0]    RB5_bit
0x0006       [0]    RB4_bit
0x0009       [0]    RE0_bit
0x0009       [0]    RE2_bit
0x0009       [0]    RE1_bit
0x000A       [1]    PCLATH
0x000B       [0]    TMR0IF_bit
0x000B       [1]    INTCON
0x000C       [1]    PIR1
0x000C       [0]    TMR1IF_bit
0x000E       [1]    TMR1L
0x000F       [1]    TMR1H
0x0010       [1]    T1CON
0x0018       [1]    RCSTA
0x0019       [1]    TXREG
0x001A       [1]    RCREG
0x001E       [1]    ADRESH
0x001F       [1]    ADCON0
0x0020       [1]    ___math_tempb
0x002D       [1]    _vref_mask
0x002E       [4]    ?lstr2_projetomicrocontroladores
0x0032       [6]    ?lstr1_projetomicrocontroladores
0x0038       [4]    _valorAD
0x003C      [11]    ?lstr3_projetomicrocontroladores
0x0047       [2]    _setpoint
0x0049       [2]    _estado
0x004B       [2]    _digital
0x004D       [2]    _Lsd
0x004F       [2]    ___DoICPAddr
0x0051       [7]    _txt
0x0058       [2]    _Msd
0x005A       [7]    _st
0x0061       [1]    ___saveSTATUS
0x0062       [1]    ___savePCLATH
0x0063       [8]    FLOC__main
0x006B       [2]    FARG_IntToStr_input
0x006B       [1]    FARG_ADC_Read_channel
0x006B       [1]    FARG_UART1_Write_Text_uart_text
0x006C       [1]    UART1_Write_Text_data__L0
0x006D       [1]    UART1_Write_Text_counter_L0
0x006D       [1]    FARG_IntToStr_output
0x006E       [2]    IntToStr_i_L0
0x0070       [1]    R0
0x0071       [1]    R1
0x0072       [1]    R2
0x0073       [1]    R3
0x0074       [1]    R4
0x0075       [1]    R5
0x0076       [1]    R6
0x0077       [1]    R7
0x0078       [1]    R8
0x0079       [1]    R9
0x007A       [1]    R10
0x007B       [1]    R11
0x007C       [1]    R12
0x007D       [1]    R13
0x007E       [1]    R14
0x007F       [1]    R15
0x0081       [1]    OPTION_REG
0x0085       [1]    TRISA
0x0086       [1]    TRISB
0x0087       [0]    TRISC6_bit
0x0087       [0]    TRISC7_bit
0x0089       [1]    TRISE
0x008C       [0]    TMR1IE_bit
0x0098       [1]    TXSTA
0x0099       [1]    SPBRG
0x009C       [1]    CMCON
0x009E       [1]    ADRESL
0x009F       [1]    ADCON1
0x00A0       [2]    IntToStr_negative_L0
0x00A2       [2]    IntToStr_inword_L0
0x00A4       [2]    FARG_WordToStr_input
0x00A4       [1]    FARG_UART1_Write_data_
0x00A6       [1]    FARG_WordToStr_output
0x00A7       [1]    WordToStr_len_L0
0x00A8       [1]    FLOC__WordToStr
0x00A9       [1]    ?FLOC___interruptT6
0x00AA       [2]    FLOC__interrupt
0x00AC       [2]    FARG_Display_no
0x00AE      [20]    Display_SEGMENTO_L0
//** Constants locations ** 
//ADDRESS    SIZE    CONSTANT
//----------------------------------------------
0x062C       [1]    ?ICS_vref_mask
0x062D       [4]    ?ICS?lstr2_projetomicrocontroladores
0x0631       [6]    ?ICS?lstr1_projetomicrocontroladores
0x0637       [4]    ?ICS_valorAD
0x063B      [11]    ?ICS?lstr3_projetomicrocontroladores
0x0646       [2]    ?ICS_setpoint
0x0648       [2]    ?ICS_estado
0x064A       [2]    ?ICS_digital
